CRITICAL - 2023-02-12 03:20:57 --> Undefined variable $rouves
in APPPATH\Config\Routes.php on line 36.
 1 APPPATH\Config\Routes.php(36): CodeIgniter\Debug\Exceptions->errorHandler(2, 'Undefined variable $rouves', 'APPPATH\\Config\\Routes.php', 36)
 2 SYSTEMPATH\Router\RouteCollection.php(266): require('APPPATH\\Config\\Routes.php')
 3 SYSTEMPATH\CodeIgniter.php(802): CodeIgniter\Router\RouteCollection->loadRoutes()
 4 SYSTEMPATH\CodeIgniter.php(449): CodeIgniter\CodeIgniter->tryToRouteIt(null)
 5 SYSTEMPATH\CodeIgniter.php(368): CodeIgniter\CodeIgniter->handleRequest(null, Object(Config\Cache), false)
 6 FCPATH\index.php(67): CodeIgniter\CodeIgniter->run()
CRITICAL - 2023-02-12 03:25:12 --> Call to undefined method CodeIgniter\Validation\Validation::has_error()
in APPPATH\Helpers\form_helper.php on line 4.
 1 APPPATH\Views\auth\register.php(35): display_form_errors(Object(CodeIgniter\Validation\Validation), 'name')
 2 SYSTEMPATH\View\View.php(213): include('APPPATH\\Views\\auth\\register.php')
 3 SYSTEMPATH\View\View.php(216): CodeIgniter\View\View->CodeIgniter\View\{closure}()
 4 SYSTEMPATH\Common.php(1177): CodeIgniter\View\View->render('auth/register', [], true)
 5 APPPATH\Controllers\Auth.php(33): view('auth/register', [...])
 6 SYSTEMPATH\CodeIgniter.php(934): App\Controllers\Auth->signup()
 7 SYSTEMPATH\CodeIgniter.php(499): CodeIgniter\CodeIgniter->runController(Object(App\Controllers\Auth))
 8 SYSTEMPATH\CodeIgniter.php(368): CodeIgniter\CodeIgniter->handleRequest(null, Object(Config\Cache), false)
 9 FCPATH\index.php(67): CodeIgniter\CodeIgniter->run()
CRITICAL - 2023-02-12 03:29:56 --> Call to undefined method CodeIgniter\Validation\Validation::has_error()
in APPPATH\Helpers\form_helper.php on line 4.
 1 APPPATH\Views\auth\register.php(35): display_form_errors(Object(CodeIgniter\Validation\Validation), 'name')
 2 SYSTEMPATH\View\View.php(213): include('APPPATH\\Views\\auth\\register.php')
 3 SYSTEMPATH\View\View.php(216): CodeIgniter\View\View->CodeIgniter\View\{closure}()
 4 SYSTEMPATH\Common.php(1177): CodeIgniter\View\View->render('auth/register', [], true)
 5 APPPATH\Controllers\Auth.php(33): view('auth/register', [...])
 6 SYSTEMPATH\CodeIgniter.php(934): App\Controllers\Auth->signup()
 7 SYSTEMPATH\CodeIgniter.php(499): CodeIgniter\CodeIgniter->runController(Object(App\Controllers\Auth))
 8 SYSTEMPATH\CodeIgniter.php(368): CodeIgniter\CodeIgniter->handleRequest(null, Object(Config\Cache), false)
 9 FCPATH\index.php(67): CodeIgniter\CodeIgniter->run()
CRITICAL - 2023-02-12 03:30:21 --> Call to undefined method CodeIgniter\Validation\Validation::has_error()
in APPPATH\Helpers\form_helper.php on line 4.
 1 APPPATH\Views\auth\register.php(35): display_form_errors(Object(CodeIgniter\Validation\Validation), 'name')
 2 SYSTEMPATH\View\View.php(213): include('APPPATH\\Views\\auth\\register.php')
 3 SYSTEMPATH\View\View.php(216): CodeIgniter\View\View->CodeIgniter\View\{closure}()
 4 SYSTEMPATH\Common.php(1177): CodeIgniter\View\View->render('auth/register', [], true)
 5 APPPATH\Controllers\Auth.php(33): view('auth/register', [...])
 6 SYSTEMPATH\CodeIgniter.php(934): App\Controllers\Auth->signup()
 7 SYSTEMPATH\CodeIgniter.php(499): CodeIgniter\CodeIgniter->runController(Object(App\Controllers\Auth))
 8 SYSTEMPATH\CodeIgniter.php(368): CodeIgniter\CodeIgniter->handleRequest(null, Object(Config\Cache), false)
 9 FCPATH\index.php(67): CodeIgniter\CodeIgniter->run()
