INFO - 2023-05-01 09:30:48 --> Session: Class initialized using 'CodeIgniter\Session\Handlers\FileHandler' driver.
INFO - 2023-05-01 09:30:48 --> Session: Class initialized using 'CodeIgniter\Session\Handlers\FileHandler' driver.
INFO - 2023-05-01 09:31:00 --> Session: Class initialized using 'CodeIgniter\Session\Handlers\FileHandler' driver.
INFO - 2023-05-01 09:31:00 --> Session: Class initialized using 'CodeIgniter\Session\Handlers\FileHandler' driver.
INFO - 2023-05-01 09:31:04 --> Session: Class initialized using 'CodeIgniter\Session\Handlers\FileHandler' driver.
INFO - 2023-05-01 09:31:06 --> Session: Class initialized using 'CodeIgniter\Session\Handlers\FileHandler' driver.
INFO - 2023-05-01 09:31:07 --> Session: Class initialized using 'CodeIgniter\Session\Handlers\FileHandler' driver.
INFO - 2023-05-01 09:31:08 --> Session: Class initialized using 'CodeIgniter\Session\Handlers\FileHandler' driver.
INFO - 2023-05-01 09:31:11 --> Session: Class initialized using 'CodeIgniter\Session\Handlers\FileHandler' driver.
INFO - 2023-05-01 09:31:12 --> Session: Class initialized using 'CodeIgniter\Session\Handlers\FileHandler' driver.
INFO - 2023-05-01 09:31:19 --> Session: Class initialized using 'CodeIgniter\Session\Handlers\FileHandler' driver.
INFO - 2023-05-01 09:31:21 --> Session: Class initialized using 'CodeIgniter\Session\Handlers\FileHandler' driver.
INFO - 2023-05-01 09:31:24 --> Session: Class initialized using 'CodeIgniter\Session\Handlers\FileHandler' driver.
INFO - 2023-05-01 09:31:25 --> Session: Class initialized using 'CodeIgniter\Session\Handlers\FileHandler' driver.
INFO - 2023-05-01 09:31:26 --> Session: Class initialized using 'CodeIgniter\Session\Handlers\FileHandler' driver.
INFO - 2023-05-01 09:31:26 --> Session: Class initialized using 'CodeIgniter\Session\Handlers\FileHandler' driver.
INFO - 2023-05-01 09:31:27 --> Session: Class initialized using 'CodeIgniter\Session\Handlers\FileHandler' driver.
INFO - 2023-05-01 09:31:32 --> Session: Class initialized using 'CodeIgniter\Session\Handlers\FileHandler' driver.
INFO - 2023-05-01 09:31:32 --> Session: Class initialized using 'CodeIgniter\Session\Handlers\FileHandler' driver.
WARNING - 2023-05-01 09:31:32 --> [DEPRECATED] htmlspecialchars(): Passing null to parameter #1 ($string) of type string is deprecated in APPPATH\Views\content\image.php on line 58.
 1 APPPATH\Views\content\image.php(58): htmlspecialchars(null)
 2 SYSTEMPATH\View\View.php(213): include('APPPATH\\Views\\content\\image.php')
 3 SYSTEMPATH\View\View.php(216): CodeIgniter\View\View->CodeIgniter\View\{closure}()
 4 SYSTEMPATH\Common.php(1177): CodeIgniter\View\View->render('content/image', [], true)
 5 APPPATH\Controllers\Image.php(19): view('content/image', [...])
 6 SYSTEMPATH\CodeIgniter.php(934): App\Controllers\Image->index()
 7 SYSTEMPATH\CodeIgniter.php(499): CodeIgniter\CodeIgniter->runController(Object(App\Controllers\Image))
 8 SYSTEMPATH\CodeIgniter.php(368): CodeIgniter\CodeIgniter->handleRequest(null, Object(Config\Cache), false)
 9 FCPATH\index.php(67): CodeIgniter\CodeIgniter->run()
WARNING - 2023-05-01 09:31:32 --> [DEPRECATED] htmlspecialchars(): Passing null to parameter #1 ($string) of type string is deprecated in APPPATH\Views\content\image.php on line 82.
 1 APPPATH\Views\content\image.php(82): htmlspecialchars(null)
 2 SYSTEMPATH\View\View.php(213): include('APPPATH\\Views\\content\\image.php')
 3 SYSTEMPATH\View\View.php(216): CodeIgniter\View\View->CodeIgniter\View\{closure}()
 4 SYSTEMPATH\Common.php(1177): CodeIgniter\View\View->render('content/image', [], true)
 5 APPPATH\Controllers\Image.php(19): view('content/image', [...])
 6 SYSTEMPATH\CodeIgniter.php(934): App\Controllers\Image->index()
 7 SYSTEMPATH\CodeIgniter.php(499): CodeIgniter\CodeIgniter->runController(Object(App\Controllers\Image))
 8 SYSTEMPATH\CodeIgniter.php(368): CodeIgniter\CodeIgniter->handleRequest(null, Object(Config\Cache), false)
 9 FCPATH\index.php(67): CodeIgniter\CodeIgniter->run()
INFO - 2023-05-01 09:31:48 --> Session: Class initialized using 'CodeIgniter\Session\Handlers\FileHandler' driver.
INFO - 2023-05-01 09:31:48 --> Session: Class initialized using 'CodeIgniter\Session\Handlers\FileHandler' driver.
WARNING - 2023-05-01 09:31:48 --> [DEPRECATED] htmlspecialchars(): Passing null to parameter #1 ($string) of type string is deprecated in APPPATH\Views\content\image.php on line 58.
 1 APPPATH\Views\content\image.php(58): htmlspecialchars(null)
 2 SYSTEMPATH\View\View.php(213): include('APPPATH\\Views\\content\\image.php')
 3 SYSTEMPATH\View\View.php(216): CodeIgniter\View\View->CodeIgniter\View\{closure}()
 4 SYSTEMPATH\Common.php(1177): CodeIgniter\View\View->render('content/image', [], true)
 5 APPPATH\Controllers\Image.php(19): view('content/image', [...])
 6 SYSTEMPATH\CodeIgniter.php(934): App\Controllers\Image->index()
 7 SYSTEMPATH\CodeIgniter.php(499): CodeIgniter\CodeIgniter->runController(Object(App\Controllers\Image))
 8 SYSTEMPATH\CodeIgniter.php(368): CodeIgniter\CodeIgniter->handleRequest(null, Object(Config\Cache), false)
 9 FCPATH\index.php(67): CodeIgniter\CodeIgniter->run()
WARNING - 2023-05-01 09:31:48 --> [DEPRECATED] htmlspecialchars(): Passing null to parameter #1 ($string) of type string is deprecated in APPPATH\Views\content\image.php on line 82.
 1 APPPATH\Views\content\image.php(82): htmlspecialchars(null)
 2 SYSTEMPATH\View\View.php(213): include('APPPATH\\Views\\content\\image.php')
 3 SYSTEMPATH\View\View.php(216): CodeIgniter\View\View->CodeIgniter\View\{closure}()
 4 SYSTEMPATH\Common.php(1177): CodeIgniter\View\View->render('content/image', [], true)
 5 APPPATH\Controllers\Image.php(19): view('content/image', [...])
 6 SYSTEMPATH\CodeIgniter.php(934): App\Controllers\Image->index()
 7 SYSTEMPATH\CodeIgniter.php(499): CodeIgniter\CodeIgniter->runController(Object(App\Controllers\Image))
 8 SYSTEMPATH\CodeIgniter.php(368): CodeIgniter\CodeIgniter->handleRequest(null, Object(Config\Cache), false)
 9 FCPATH\index.php(67): CodeIgniter\CodeIgniter->run()
WARNING - 2023-05-01 09:31:48 --> [DEPRECATED] htmlspecialchars(): Passing null to parameter #1 ($string) of type string is deprecated in APPPATH\Views\content\image.php on line 58.
 1 APPPATH\Views\content\image.php(58): htmlspecialchars(null)
 2 SYSTEMPATH\View\View.php(213): include('APPPATH\\Views\\content\\image.php')
 3 SYSTEMPATH\View\View.php(216): CodeIgniter\View\View->CodeIgniter\View\{closure}()
 4 SYSTEMPATH\Common.php(1177): CodeIgniter\View\View->render('content/image', [], true)
 5 APPPATH\Controllers\Image.php(19): view('content/image', [...])
 6 SYSTEMPATH\CodeIgniter.php(934): App\Controllers\Image->index()
 7 SYSTEMPATH\CodeIgniter.php(499): CodeIgniter\CodeIgniter->runController(Object(App\Controllers\Image))
 8 SYSTEMPATH\CodeIgniter.php(368): CodeIgniter\CodeIgniter->handleRequest(null, Object(Config\Cache), false)
 9 FCPATH\index.php(67): CodeIgniter\CodeIgniter->run()
WARNING - 2023-05-01 09:31:48 --> [DEPRECATED] htmlspecialchars(): Passing null to parameter #1 ($string) of type string is deprecated in APPPATH\Views\content\image.php on line 82.
 1 APPPATH\Views\content\image.php(82): htmlspecialchars(null)
 2 SYSTEMPATH\View\View.php(213): include('APPPATH\\Views\\content\\image.php')
 3 SYSTEMPATH\View\View.php(216): CodeIgniter\View\View->CodeIgniter\View\{closure}()
 4 SYSTEMPATH\Common.php(1177): CodeIgniter\View\View->render('content/image', [], true)
 5 APPPATH\Controllers\Image.php(19): view('content/image', [...])
 6 SYSTEMPATH\CodeIgniter.php(934): App\Controllers\Image->index()
 7 SYSTEMPATH\CodeIgniter.php(499): CodeIgniter\CodeIgniter->runController(Object(App\Controllers\Image))
 8 SYSTEMPATH\CodeIgniter.php(368): CodeIgniter\CodeIgniter->handleRequest(null, Object(Config\Cache), false)
 9 FCPATH\index.php(67): CodeIgniter\CodeIgniter->run()
INFO - 2023-05-01 09:31:49 --> Session: Class initialized using 'CodeIgniter\Session\Handlers\FileHandler' driver.
INFO - 2023-05-01 09:31:49 --> Session: Class initialized using 'CodeIgniter\Session\Handlers\FileHandler' driver.
WARNING - 2023-05-01 09:31:50 --> [DEPRECATED] htmlspecialchars(): Passing null to parameter #1 ($string) of type string is deprecated in APPPATH\Views\content\image.php on line 58.
 1 APPPATH\Views\content\image.php(58): htmlspecialchars(null)
 2 SYSTEMPATH\View\View.php(213): include('APPPATH\\Views\\content\\image.php')
 3 SYSTEMPATH\View\View.php(216): CodeIgniter\View\View->CodeIgniter\View\{closure}()
 4 SYSTEMPATH\Common.php(1177): CodeIgniter\View\View->render('content/image', [], true)
 5 APPPATH\Controllers\Image.php(19): view('content/image', [...])
 6 SYSTEMPATH\CodeIgniter.php(934): App\Controllers\Image->index()
 7 SYSTEMPATH\CodeIgniter.php(499): CodeIgniter\CodeIgniter->runController(Object(App\Controllers\Image))
 8 SYSTEMPATH\CodeIgniter.php(368): CodeIgniter\CodeIgniter->handleRequest(null, Object(Config\Cache), false)
 9 FCPATH\index.php(67): CodeIgniter\CodeIgniter->run()
WARNING - 2023-05-01 09:31:50 --> [DEPRECATED] htmlspecialchars(): Passing null to parameter #1 ($string) of type string is deprecated in APPPATH\Views\content\image.php on line 82.
 1 APPPATH\Views\content\image.php(82): htmlspecialchars(null)
 2 SYSTEMPATH\View\View.php(213): include('APPPATH\\Views\\content\\image.php')
 3 SYSTEMPATH\View\View.php(216): CodeIgniter\View\View->CodeIgniter\View\{closure}()
 4 SYSTEMPATH\Common.php(1177): CodeIgniter\View\View->render('content/image', [], true)
 5 APPPATH\Controllers\Image.php(19): view('content/image', [...])
 6 SYSTEMPATH\CodeIgniter.php(934): App\Controllers\Image->index()
 7 SYSTEMPATH\CodeIgniter.php(499): CodeIgniter\CodeIgniter->runController(Object(App\Controllers\Image))
 8 SYSTEMPATH\CodeIgniter.php(368): CodeIgniter\CodeIgniter->handleRequest(null, Object(Config\Cache), false)
 9 FCPATH\index.php(67): CodeIgniter\CodeIgniter->run()
WARNING - 2023-05-01 09:31:50 --> [DEPRECATED] htmlspecialchars(): Passing null to parameter #1 ($string) of type string is deprecated in APPPATH\Views\content\image.php on line 58.
 1 APPPATH\Views\content\image.php(58): htmlspecialchars(null)
 2 SYSTEMPATH\View\View.php(213): include('APPPATH\\Views\\content\\image.php')
 3 SYSTEMPATH\View\View.php(216): CodeIgniter\View\View->CodeIgniter\View\{closure}()
 4 SYSTEMPATH\Common.php(1177): CodeIgniter\View\View->render('content/image', [], true)
 5 APPPATH\Controllers\Image.php(19): view('content/image', [...])
 6 SYSTEMPATH\CodeIgniter.php(934): App\Controllers\Image->index()
 7 SYSTEMPATH\CodeIgniter.php(499): CodeIgniter\CodeIgniter->runController(Object(App\Controllers\Image))
 8 SYSTEMPATH\CodeIgniter.php(368): CodeIgniter\CodeIgniter->handleRequest(null, Object(Config\Cache), false)
 9 FCPATH\index.php(67): CodeIgniter\CodeIgniter->run()
WARNING - 2023-05-01 09:31:50 --> [DEPRECATED] htmlspecialchars(): Passing null to parameter #1 ($string) of type string is deprecated in APPPATH\Views\content\image.php on line 82.
 1 APPPATH\Views\content\image.php(82): htmlspecialchars(null)
 2 SYSTEMPATH\View\View.php(213): include('APPPATH\\Views\\content\\image.php')
 3 SYSTEMPATH\View\View.php(216): CodeIgniter\View\View->CodeIgniter\View\{closure}()
 4 SYSTEMPATH\Common.php(1177): CodeIgniter\View\View->render('content/image', [], true)
 5 APPPATH\Controllers\Image.php(19): view('content/image', [...])
 6 SYSTEMPATH\CodeIgniter.php(934): App\Controllers\Image->index()
 7 SYSTEMPATH\CodeIgniter.php(499): CodeIgniter\CodeIgniter->runController(Object(App\Controllers\Image))
 8 SYSTEMPATH\CodeIgniter.php(368): CodeIgniter\CodeIgniter->handleRequest(null, Object(Config\Cache), false)
 9 FCPATH\index.php(67): CodeIgniter\CodeIgniter->run()
WARNING - 2023-05-01 09:31:50 --> [DEPRECATED] htmlspecialchars(): Passing null to parameter #1 ($string) of type string is deprecated in APPPATH\Views\content\image.php on line 58.
 1 APPPATH\Views\content\image.php(58): htmlspecialchars(null)
 2 SYSTEMPATH\View\View.php(213): include('APPPATH\\Views\\content\\image.php')
 3 SYSTEMPATH\View\View.php(216): CodeIgniter\View\View->CodeIgniter\View\{closure}()
 4 SYSTEMPATH\Common.php(1177): CodeIgniter\View\View->render('content/image', [], true)
 5 APPPATH\Controllers\Image.php(19): view('content/image', [...])
 6 SYSTEMPATH\CodeIgniter.php(934): App\Controllers\Image->index()
 7 SYSTEMPATH\CodeIgniter.php(499): CodeIgniter\CodeIgniter->runController(Object(App\Controllers\Image))
 8 SYSTEMPATH\CodeIgniter.php(368): CodeIgniter\CodeIgniter->handleRequest(null, Object(Config\Cache), false)
 9 FCPATH\index.php(67): CodeIgniter\CodeIgniter->run()
WARNING - 2023-05-01 09:31:50 --> [DEPRECATED] htmlspecialchars(): Passing null to parameter #1 ($string) of type string is deprecated in APPPATH\Views\content\image.php on line 82.
 1 APPPATH\Views\content\image.php(82): htmlspecialchars(null)
 2 SYSTEMPATH\View\View.php(213): include('APPPATH\\Views\\content\\image.php')
 3 SYSTEMPATH\View\View.php(216): CodeIgniter\View\View->CodeIgniter\View\{closure}()
 4 SYSTEMPATH\Common.php(1177): CodeIgniter\View\View->render('content/image', [], true)
 5 APPPATH\Controllers\Image.php(19): view('content/image', [...])
 6 SYSTEMPATH\CodeIgniter.php(934): App\Controllers\Image->index()
 7 SYSTEMPATH\CodeIgniter.php(499): CodeIgniter\CodeIgniter->runController(Object(App\Controllers\Image))
 8 SYSTEMPATH\CodeIgniter.php(368): CodeIgniter\CodeIgniter->handleRequest(null, Object(Config\Cache), false)
 9 FCPATH\index.php(67): CodeIgniter\CodeIgniter->run()
INFO - 2023-05-01 09:31:51 --> Session: Class initialized using 'CodeIgniter\Session\Handlers\FileHandler' driver.
INFO - 2023-05-01 09:31:51 --> Session: Class initialized using 'CodeIgniter\Session\Handlers\FileHandler' driver.
WARNING - 2023-05-01 09:31:51 --> [DEPRECATED] htmlspecialchars(): Passing null to parameter #1 ($string) of type string is deprecated in APPPATH\Views\content\image.php on line 58.
 1 APPPATH\Views\content\image.php(58): htmlspecialchars(null)
 2 SYSTEMPATH\View\View.php(213): include('APPPATH\\Views\\content\\image.php')
 3 SYSTEMPATH\View\View.php(216): CodeIgniter\View\View->CodeIgniter\View\{closure}()
 4 SYSTEMPATH\Common.php(1177): CodeIgniter\View\View->render('content/image', [], true)
 5 APPPATH\Controllers\Image.php(19): view('content/image', [...])
 6 SYSTEMPATH\CodeIgniter.php(934): App\Controllers\Image->index()
 7 SYSTEMPATH\CodeIgniter.php(499): CodeIgniter\CodeIgniter->runController(Object(App\Controllers\Image))
 8 SYSTEMPATH\CodeIgniter.php(368): CodeIgniter\CodeIgniter->handleRequest(null, Object(Config\Cache), false)
 9 FCPATH\index.php(67): CodeIgniter\CodeIgniter->run()
WARNING - 2023-05-01 09:31:51 --> [DEPRECATED] htmlspecialchars(): Passing null to parameter #1 ($string) of type string is deprecated in APPPATH\Views\content\image.php on line 82.
 1 APPPATH\Views\content\image.php(82): htmlspecialchars(null)
 2 SYSTEMPATH\View\View.php(213): include('APPPATH\\Views\\content\\image.php')
 3 SYSTEMPATH\View\View.php(216): CodeIgniter\View\View->CodeIgniter\View\{closure}()
 4 SYSTEMPATH\Common.php(1177): CodeIgniter\View\View->render('content/image', [], true)
 5 APPPATH\Controllers\Image.php(19): view('content/image', [...])
 6 SYSTEMPATH\CodeIgniter.php(934): App\Controllers\Image->index()
 7 SYSTEMPATH\CodeIgniter.php(499): CodeIgniter\CodeIgniter->runController(Object(App\Controllers\Image))
 8 SYSTEMPATH\CodeIgniter.php(368): CodeIgniter\CodeIgniter->handleRequest(null, Object(Config\Cache), false)
 9 FCPATH\index.php(67): CodeIgniter\CodeIgniter->run()
WARNING - 2023-05-01 09:31:51 --> [DEPRECATED] htmlspecialchars(): Passing null to parameter #1 ($string) of type string is deprecated in APPPATH\Views\content\image.php on line 58.
 1 APPPATH\Views\content\image.php(58): htmlspecialchars(null)
 2 SYSTEMPATH\View\View.php(213): include('APPPATH\\Views\\content\\image.php')
 3 SYSTEMPATH\View\View.php(216): CodeIgniter\View\View->CodeIgniter\View\{closure}()
 4 SYSTEMPATH\Common.php(1177): CodeIgniter\View\View->render('content/image', [], true)
 5 APPPATH\Controllers\Image.php(19): view('content/image', [...])
 6 SYSTEMPATH\CodeIgniter.php(934): App\Controllers\Image->index()
 7 SYSTEMPATH\CodeIgniter.php(499): CodeIgniter\CodeIgniter->runController(Object(App\Controllers\Image))
 8 SYSTEMPATH\CodeIgniter.php(368): CodeIgniter\CodeIgniter->handleRequest(null, Object(Config\Cache), false)
 9 FCPATH\index.php(67): CodeIgniter\CodeIgniter->run()
WARNING - 2023-05-01 09:31:51 --> [DEPRECATED] htmlspecialchars(): Passing null to parameter #1 ($string) of type string is deprecated in APPPATH\Views\content\image.php on line 82.
 1 APPPATH\Views\content\image.php(82): htmlspecialchars(null)
 2 SYSTEMPATH\View\View.php(213): include('APPPATH\\Views\\content\\image.php')
 3 SYSTEMPATH\View\View.php(216): CodeIgniter\View\View->CodeIgniter\View\{closure}()
 4 SYSTEMPATH\Common.php(1177): CodeIgniter\View\View->render('content/image', [], true)
 5 APPPATH\Controllers\Image.php(19): view('content/image', [...])
 6 SYSTEMPATH\CodeIgniter.php(934): App\Controllers\Image->index()
 7 SYSTEMPATH\CodeIgniter.php(499): CodeIgniter\CodeIgniter->runController(Object(App\Controllers\Image))
 8 SYSTEMPATH\CodeIgniter.php(368): CodeIgniter\CodeIgniter->handleRequest(null, Object(Config\Cache), false)
 9 FCPATH\index.php(67): CodeIgniter\CodeIgniter->run()
WARNING - 2023-05-01 09:31:51 --> [DEPRECATED] htmlspecialchars(): Passing null to parameter #1 ($string) of type string is deprecated in APPPATH\Views\content\image.php on line 58.
 1 APPPATH\Views\content\image.php(58): htmlspecialchars(null)
 2 SYSTEMPATH\View\View.php(213): include('APPPATH\\Views\\content\\image.php')
 3 SYSTEMPATH\View\View.php(216): CodeIgniter\View\View->CodeIgniter\View\{closure}()
 4 SYSTEMPATH\Common.php(1177): CodeIgniter\View\View->render('content/image', [], true)
 5 APPPATH\Controllers\Image.php(19): view('content/image', [...])
 6 SYSTEMPATH\CodeIgniter.php(934): App\Controllers\Image->index()
 7 SYSTEMPATH\CodeIgniter.php(499): CodeIgniter\CodeIgniter->runController(Object(App\Controllers\Image))
 8 SYSTEMPATH\CodeIgniter.php(368): CodeIgniter\CodeIgniter->handleRequest(null, Object(Config\Cache), false)
 9 FCPATH\index.php(67): CodeIgniter\CodeIgniter->run()
WARNING - 2023-05-01 09:31:51 --> [DEPRECATED] htmlspecialchars(): Passing null to parameter #1 ($string) of type string is deprecated in APPPATH\Views\content\image.php on line 82.
 1 APPPATH\Views\content\image.php(82): htmlspecialchars(null)
 2 SYSTEMPATH\View\View.php(213): include('APPPATH\\Views\\content\\image.php')
 3 SYSTEMPATH\View\View.php(216): CodeIgniter\View\View->CodeIgniter\View\{closure}()
 4 SYSTEMPATH\Common.php(1177): CodeIgniter\View\View->render('content/image', [], true)
 5 APPPATH\Controllers\Image.php(19): view('content/image', [...])
 6 SYSTEMPATH\CodeIgniter.php(934): App\Controllers\Image->index()
 7 SYSTEMPATH\CodeIgniter.php(499): CodeIgniter\CodeIgniter->runController(Object(App\Controllers\Image))
 8 SYSTEMPATH\CodeIgniter.php(368): CodeIgniter\CodeIgniter->handleRequest(null, Object(Config\Cache), false)
 9 FCPATH\index.php(67): CodeIgniter\CodeIgniter->run()
WARNING - 2023-05-01 09:31:51 --> [DEPRECATED] htmlspecialchars(): Passing null to parameter #1 ($string) of type string is deprecated in APPPATH\Views\content\image.php on line 58.
 1 APPPATH\Views\content\image.php(58): htmlspecialchars(null)
 2 SYSTEMPATH\View\View.php(213): include('APPPATH\\Views\\content\\image.php')
 3 SYSTEMPATH\View\View.php(216): CodeIgniter\View\View->CodeIgniter\View\{closure}()
 4 SYSTEMPATH\Common.php(1177): CodeIgniter\View\View->render('content/image', [], true)
 5 APPPATH\Controllers\Image.php(19): view('content/image', [...])
 6 SYSTEMPATH\CodeIgniter.php(934): App\Controllers\Image->index()
 7 SYSTEMPATH\CodeIgniter.php(499): CodeIgniter\CodeIgniter->runController(Object(App\Controllers\Image))
 8 SYSTEMPATH\CodeIgniter.php(368): CodeIgniter\CodeIgniter->handleRequest(null, Object(Config\Cache), false)
 9 FCPATH\index.php(67): CodeIgniter\CodeIgniter->run()
WARNING - 2023-05-01 09:31:51 --> [DEPRECATED] htmlspecialchars(): Passing null to parameter #1 ($string) of type string is deprecated in APPPATH\Views\content\image.php on line 82.
 1 APPPATH\Views\content\image.php(82): htmlspecialchars(null)
 2 SYSTEMPATH\View\View.php(213): include('APPPATH\\Views\\content\\image.php')
 3 SYSTEMPATH\View\View.php(216): CodeIgniter\View\View->CodeIgniter\View\{closure}()
 4 SYSTEMPATH\Common.php(1177): CodeIgniter\View\View->render('content/image', [], true)
 5 APPPATH\Controllers\Image.php(19): view('content/image', [...])
 6 SYSTEMPATH\CodeIgniter.php(934): App\Controllers\Image->index()
 7 SYSTEMPATH\CodeIgniter.php(499): CodeIgniter\CodeIgniter->runController(Object(App\Controllers\Image))
 8 SYSTEMPATH\CodeIgniter.php(368): CodeIgniter\CodeIgniter->handleRequest(null, Object(Config\Cache), false)
 9 FCPATH\index.php(67): CodeIgniter\CodeIgniter->run()
INFO - 2023-05-01 09:32:08 --> Session: Class initialized using 'CodeIgniter\Session\Handlers\FileHandler' driver.
INFO - 2023-05-01 09:32:08 --> Session: Class initialized using 'CodeIgniter\Session\Handlers\FileHandler' driver.
WARNING - 2023-05-01 09:32:08 --> [DEPRECATED] htmlspecialchars(): Passing null to parameter #1 ($string) of type string is deprecated in APPPATH\Views\content\image.php on line 58.
 1 APPPATH\Views\content\image.php(58): htmlspecialchars(null)
 2 SYSTEMPATH\View\View.php(213): include('APPPATH\\Views\\content\\image.php')
 3 SYSTEMPATH\View\View.php(216): CodeIgniter\View\View->CodeIgniter\View\{closure}()
 4 SYSTEMPATH\Common.php(1177): CodeIgniter\View\View->render('content/image', [], true)
 5 APPPATH\Controllers\Image.php(19): view('content/image', [...])
 6 SYSTEMPATH\CodeIgniter.php(934): App\Controllers\Image->index()
 7 SYSTEMPATH\CodeIgniter.php(499): CodeIgniter\CodeIgniter->runController(Object(App\Controllers\Image))
 8 SYSTEMPATH\CodeIgniter.php(368): CodeIgniter\CodeIgniter->handleRequest(null, Object(Config\Cache), false)
 9 FCPATH\index.php(67): CodeIgniter\CodeIgniter->run()
WARNING - 2023-05-01 09:32:08 --> [DEPRECATED] htmlspecialchars(): Passing null to parameter #1 ($string) of type string is deprecated in APPPATH\Views\content\image.php on line 82.
 1 APPPATH\Views\content\image.php(82): htmlspecialchars(null)
 2 SYSTEMPATH\View\View.php(213): include('APPPATH\\Views\\content\\image.php')
 3 SYSTEMPATH\View\View.php(216): CodeIgniter\View\View->CodeIgniter\View\{closure}()
 4 SYSTEMPATH\Common.php(1177): CodeIgniter\View\View->render('content/image', [], true)
 5 APPPATH\Controllers\Image.php(19): view('content/image', [...])
 6 SYSTEMPATH\CodeIgniter.php(934): App\Controllers\Image->index()
 7 SYSTEMPATH\CodeIgniter.php(499): CodeIgniter\CodeIgniter->runController(Object(App\Controllers\Image))
 8 SYSTEMPATH\CodeIgniter.php(368): CodeIgniter\CodeIgniter->handleRequest(null, Object(Config\Cache), false)
 9 FCPATH\index.php(67): CodeIgniter\CodeIgniter->run()
WARNING - 2023-05-01 09:32:08 --> [DEPRECATED] htmlspecialchars(): Passing null to parameter #1 ($string) of type string is deprecated in APPPATH\Views\content\image.php on line 58.
 1 APPPATH\Views\content\image.php(58): htmlspecialchars(null)
 2 SYSTEMPATH\View\View.php(213): include('APPPATH\\Views\\content\\image.php')
 3 SYSTEMPATH\View\View.php(216): CodeIgniter\View\View->CodeIgniter\View\{closure}()
 4 SYSTEMPATH\Common.php(1177): CodeIgniter\View\View->render('content/image', [], true)
 5 APPPATH\Controllers\Image.php(19): view('content/image', [...])
 6 SYSTEMPATH\CodeIgniter.php(934): App\Controllers\Image->index()
 7 SYSTEMPATH\CodeIgniter.php(499): CodeIgniter\CodeIgniter->runController(Object(App\Controllers\Image))
 8 SYSTEMPATH\CodeIgniter.php(368): CodeIgniter\CodeIgniter->handleRequest(null, Object(Config\Cache), false)
 9 FCPATH\index.php(67): CodeIgniter\CodeIgniter->run()
WARNING - 2023-05-01 09:32:08 --> [DEPRECATED] htmlspecialchars(): Passing null to parameter #1 ($string) of type string is deprecated in APPPATH\Views\content\image.php on line 82.
 1 APPPATH\Views\content\image.php(82): htmlspecialchars(null)
 2 SYSTEMPATH\View\View.php(213): include('APPPATH\\Views\\content\\image.php')
 3 SYSTEMPATH\View\View.php(216): CodeIgniter\View\View->CodeIgniter\View\{closure}()
 4 SYSTEMPATH\Common.php(1177): CodeIgniter\View\View->render('content/image', [], true)
 5 APPPATH\Controllers\Image.php(19): view('content/image', [...])
 6 SYSTEMPATH\CodeIgniter.php(934): App\Controllers\Image->index()
 7 SYSTEMPATH\CodeIgniter.php(499): CodeIgniter\CodeIgniter->runController(Object(App\Controllers\Image))
 8 SYSTEMPATH\CodeIgniter.php(368): CodeIgniter\CodeIgniter->handleRequest(null, Object(Config\Cache), false)
 9 FCPATH\index.php(67): CodeIgniter\CodeIgniter->run()
WARNING - 2023-05-01 09:32:08 --> [DEPRECATED] htmlspecialchars(): Passing null to parameter #1 ($string) of type string is deprecated in APPPATH\Views\content\image.php on line 58.
 1 APPPATH\Views\content\image.php(58): htmlspecialchars(null)
 2 SYSTEMPATH\View\View.php(213): include('APPPATH\\Views\\content\\image.php')
 3 SYSTEMPATH\View\View.php(216): CodeIgniter\View\View->CodeIgniter\View\{closure}()
 4 SYSTEMPATH\Common.php(1177): CodeIgniter\View\View->render('content/image', [], true)
 5 APPPATH\Controllers\Image.php(19): view('content/image', [...])
 6 SYSTEMPATH\CodeIgniter.php(934): App\Controllers\Image->index()
 7 SYSTEMPATH\CodeIgniter.php(499): CodeIgniter\CodeIgniter->runController(Object(App\Controllers\Image))
 8 SYSTEMPATH\CodeIgniter.php(368): CodeIgniter\CodeIgniter->handleRequest(null, Object(Config\Cache), false)
 9 FCPATH\index.php(67): CodeIgniter\CodeIgniter->run()
WARNING - 2023-05-01 09:32:08 --> [DEPRECATED] htmlspecialchars(): Passing null to parameter #1 ($string) of type string is deprecated in APPPATH\Views\content\image.php on line 82.
 1 APPPATH\Views\content\image.php(82): htmlspecialchars(null)
 2 SYSTEMPATH\View\View.php(213): include('APPPATH\\Views\\content\\image.php')
 3 SYSTEMPATH\View\View.php(216): CodeIgniter\View\View->CodeIgniter\View\{closure}()
 4 SYSTEMPATH\Common.php(1177): CodeIgniter\View\View->render('content/image', [], true)
 5 APPPATH\Controllers\Image.php(19): view('content/image', [...])
 6 SYSTEMPATH\CodeIgniter.php(934): App\Controllers\Image->index()
 7 SYSTEMPATH\CodeIgniter.php(499): CodeIgniter\CodeIgniter->runController(Object(App\Controllers\Image))
 8 SYSTEMPATH\CodeIgniter.php(368): CodeIgniter\CodeIgniter->handleRequest(null, Object(Config\Cache), false)
 9 FCPATH\index.php(67): CodeIgniter\CodeIgniter->run()
INFO - 2023-05-01 09:32:21 --> Session: Class initialized using 'CodeIgniter\Session\Handlers\FileHandler' driver.
INFO - 2023-05-01 09:32:22 --> Session: Class initialized using 'CodeIgniter\Session\Handlers\FileHandler' driver.
WARNING - 2023-05-01 09:32:22 --> [DEPRECATED] htmlspecialchars(): Passing null to parameter #1 ($string) of type string is deprecated in APPPATH\Views\content\image.php on line 58.
 1 APPPATH\Views\content\image.php(58): htmlspecialchars(null)
 2 SYSTEMPATH\View\View.php(213): include('APPPATH\\Views\\content\\image.php')
 3 SYSTEMPATH\View\View.php(216): CodeIgniter\View\View->CodeIgniter\View\{closure}()
 4 SYSTEMPATH\Common.php(1177): CodeIgniter\View\View->render('content/image', [], true)
 5 APPPATH\Controllers\Image.php(19): view('content/image', [...])
 6 SYSTEMPATH\CodeIgniter.php(934): App\Controllers\Image->index()
 7 SYSTEMPATH\CodeIgniter.php(499): CodeIgniter\CodeIgniter->runController(Object(App\Controllers\Image))
 8 SYSTEMPATH\CodeIgniter.php(368): CodeIgniter\CodeIgniter->handleRequest(null, Object(Config\Cache), false)
 9 FCPATH\index.php(67): CodeIgniter\CodeIgniter->run()
WARNING - 2023-05-01 09:32:22 --> [DEPRECATED] htmlspecialchars(): Passing null to parameter #1 ($string) of type string is deprecated in APPPATH\Views\content\image.php on line 82.
 1 APPPATH\Views\content\image.php(82): htmlspecialchars(null)
 2 SYSTEMPATH\View\View.php(213): include('APPPATH\\Views\\content\\image.php')
 3 SYSTEMPATH\View\View.php(216): CodeIgniter\View\View->CodeIgniter\View\{closure}()
 4 SYSTEMPATH\Common.php(1177): CodeIgniter\View\View->render('content/image', [], true)
 5 APPPATH\Controllers\Image.php(19): view('content/image', [...])
 6 SYSTEMPATH\CodeIgniter.php(934): App\Controllers\Image->index()
 7 SYSTEMPATH\CodeIgniter.php(499): CodeIgniter\CodeIgniter->runController(Object(App\Controllers\Image))
 8 SYSTEMPATH\CodeIgniter.php(368): CodeIgniter\CodeIgniter->handleRequest(null, Object(Config\Cache), false)
 9 FCPATH\index.php(67): CodeIgniter\CodeIgniter->run()
WARNING - 2023-05-01 09:32:22 --> [DEPRECATED] htmlspecialchars(): Passing null to parameter #1 ($string) of type string is deprecated in APPPATH\Views\content\image.php on line 58.
 1 APPPATH\Views\content\image.php(58): htmlspecialchars(null)
 2 SYSTEMPATH\View\View.php(213): include('APPPATH\\Views\\content\\image.php')
 3 SYSTEMPATH\View\View.php(216): CodeIgniter\View\View->CodeIgniter\View\{closure}()
 4 SYSTEMPATH\Common.php(1177): CodeIgniter\View\View->render('content/image', [], true)
 5 APPPATH\Controllers\Image.php(19): view('content/image', [...])
 6 SYSTEMPATH\CodeIgniter.php(934): App\Controllers\Image->index()
 7 SYSTEMPATH\CodeIgniter.php(499): CodeIgniter\CodeIgniter->runController(Object(App\Controllers\Image))
 8 SYSTEMPATH\CodeIgniter.php(368): CodeIgniter\CodeIgniter->handleRequest(null, Object(Config\Cache), false)
 9 FCPATH\index.php(67): CodeIgniter\CodeIgniter->run()
WARNING - 2023-05-01 09:32:22 --> [DEPRECATED] htmlspecialchars(): Passing null to parameter #1 ($string) of type string is deprecated in APPPATH\Views\content\image.php on line 82.
 1 APPPATH\Views\content\image.php(82): htmlspecialchars(null)
 2 SYSTEMPATH\View\View.php(213): include('APPPATH\\Views\\content\\image.php')
 3 SYSTEMPATH\View\View.php(216): CodeIgniter\View\View->CodeIgniter\View\{closure}()
 4 SYSTEMPATH\Common.php(1177): CodeIgniter\View\View->render('content/image', [], true)
 5 APPPATH\Controllers\Image.php(19): view('content/image', [...])
 6 SYSTEMPATH\CodeIgniter.php(934): App\Controllers\Image->index()
 7 SYSTEMPATH\CodeIgniter.php(499): CodeIgniter\CodeIgniter->runController(Object(App\Controllers\Image))
 8 SYSTEMPATH\CodeIgniter.php(368): CodeIgniter\CodeIgniter->handleRequest(null, Object(Config\Cache), false)
 9 FCPATH\index.php(67): CodeIgniter\CodeIgniter->run()
INFO - 2023-05-01 09:32:34 --> Session: Class initialized using 'CodeIgniter\Session\Handlers\FileHandler' driver.
WARNING - 2023-05-01 09:32:34 --> [DEPRECATED] htmlspecialchars(): Passing null to parameter #1 ($string) of type string is deprecated in APPPATH\Views\content\home.php on line 102.
 1 APPPATH\Views\content\home.php(102): htmlspecialchars(null)
 2 SYSTEMPATH\View\View.php(213): include('APPPATH\\Views\\content\\home.php')
 3 SYSTEMPATH\View\View.php(216): CodeIgniter\View\View->CodeIgniter\View\{closure}()
 4 SYSTEMPATH\Common.php(1177): CodeIgniter\View\View->render('content/home', [], true)
 5 APPPATH\Controllers\Home.php(21): view('content/home', [...])
 6 SYSTEMPATH\CodeIgniter.php(934): App\Controllers\Home->index()
 7 SYSTEMPATH\CodeIgniter.php(499): CodeIgniter\CodeIgniter->runController(Object(App\Controllers\Home))
 8 SYSTEMPATH\CodeIgniter.php(368): CodeIgniter\CodeIgniter->handleRequest(null, Object(Config\Cache), false)
 9 FCPATH\index.php(67): CodeIgniter\CodeIgniter->run()
WARNING - 2023-05-01 09:32:34 --> [DEPRECATED] htmlspecialchars(): Passing null to parameter #1 ($string) of type string is deprecated in APPPATH\Views\content\home.php on line 126.
 1 APPPATH\Views\content\home.php(126): htmlspecialchars(null)
 2 SYSTEMPATH\View\View.php(213): include('APPPATH\\Views\\content\\home.php')
 3 SYSTEMPATH\View\View.php(216): CodeIgniter\View\View->CodeIgniter\View\{closure}()
 4 SYSTEMPATH\Common.php(1177): CodeIgniter\View\View->render('content/home', [], true)
 5 APPPATH\Controllers\Home.php(21): view('content/home', [...])
 6 SYSTEMPATH\CodeIgniter.php(934): App\Controllers\Home->index()
 7 SYSTEMPATH\CodeIgniter.php(499): CodeIgniter\CodeIgniter->runController(Object(App\Controllers\Home))
 8 SYSTEMPATH\CodeIgniter.php(368): CodeIgniter\CodeIgniter->handleRequest(null, Object(Config\Cache), false)
 9 FCPATH\index.php(67): CodeIgniter\CodeIgniter->run()
WARNING - 2023-05-01 09:32:34 --> [DEPRECATED] htmlspecialchars(): Passing null to parameter #1 ($string) of type string is deprecated in APPPATH\Views\content\home.php on line 102.
 1 APPPATH\Views\content\home.php(102): htmlspecialchars(null)
 2 SYSTEMPATH\View\View.php(213): include('APPPATH\\Views\\content\\home.php')
 3 SYSTEMPATH\View\View.php(216): CodeIgniter\View\View->CodeIgniter\View\{closure}()
 4 SYSTEMPATH\Common.php(1177): CodeIgniter\View\View->render('content/home', [], true)
 5 APPPATH\Controllers\Home.php(21): view('content/home', [...])
 6 SYSTEMPATH\CodeIgniter.php(934): App\Controllers\Home->index()
 7 SYSTEMPATH\CodeIgniter.php(499): CodeIgniter\CodeIgniter->runController(Object(App\Controllers\Home))
 8 SYSTEMPATH\CodeIgniter.php(368): CodeIgniter\CodeIgniter->handleRequest(null, Object(Config\Cache), false)
 9 FCPATH\index.php(67): CodeIgniter\CodeIgniter->run()
WARNING - 2023-05-01 09:32:34 --> [DEPRECATED] htmlspecialchars(): Passing null to parameter #1 ($string) of type string is deprecated in APPPATH\Views\content\home.php on line 126.
 1 APPPATH\Views\content\home.php(126): htmlspecialchars(null)
 2 SYSTEMPATH\View\View.php(213): include('APPPATH\\Views\\content\\home.php')
 3 SYSTEMPATH\View\View.php(216): CodeIgniter\View\View->CodeIgniter\View\{closure}()
 4 SYSTEMPATH\Common.php(1177): CodeIgniter\View\View->render('content/home', [], true)
 5 APPPATH\Controllers\Home.php(21): view('content/home', [...])
 6 SYSTEMPATH\CodeIgniter.php(934): App\Controllers\Home->index()
 7 SYSTEMPATH\CodeIgniter.php(499): CodeIgniter\CodeIgniter->runController(Object(App\Controllers\Home))
 8 SYSTEMPATH\CodeIgniter.php(368): CodeIgniter\CodeIgniter->handleRequest(null, Object(Config\Cache), false)
 9 FCPATH\index.php(67): CodeIgniter\CodeIgniter->run()
INFO - 2023-05-01 09:32:40 --> Session: Class initialized using 'CodeIgniter\Session\Handlers\FileHandler' driver.
INFO - 2023-05-01 09:32:44 --> Session: Class initialized using 'CodeIgniter\Session\Handlers\FileHandler' driver.
INFO - 2023-05-01 09:32:44 --> Session: Class initialized using 'CodeIgniter\Session\Handlers\FileHandler' driver.
WARNING - 2023-05-01 09:32:44 --> [DEPRECATED] htmlspecialchars(): Passing null to parameter #1 ($string) of type string is deprecated in APPPATH\Views\content\audio.php on line 62.
 1 APPPATH\Views\content\audio.php(62): htmlspecialchars(null)
 2 SYSTEMPATH\View\View.php(213): include('APPPATH\\Views\\content\\audio.php')
 3 SYSTEMPATH\View\View.php(216): CodeIgniter\View\View->CodeIgniter\View\{closure}()
 4 SYSTEMPATH\Common.php(1177): CodeIgniter\View\View->render('content/audio', [], true)
 5 APPPATH\Controllers\Audio.php(22): view('content/audio', [...])
 6 SYSTEMPATH\CodeIgniter.php(934): App\Controllers\Audio->index()
 7 SYSTEMPATH\CodeIgniter.php(499): CodeIgniter\CodeIgniter->runController(Object(App\Controllers\Audio))
 8 SYSTEMPATH\CodeIgniter.php(368): CodeIgniter\CodeIgniter->handleRequest(null, Object(Config\Cache), false)
 9 FCPATH\index.php(67): CodeIgniter\CodeIgniter->run()
WARNING - 2023-05-01 09:32:44 --> [DEPRECATED] htmlspecialchars(): Passing null to parameter #1 ($string) of type string is deprecated in APPPATH\Views\content\audio.php on line 86.
 1 APPPATH\Views\content\audio.php(86): htmlspecialchars(null)
 2 SYSTEMPATH\View\View.php(213): include('APPPATH\\Views\\content\\audio.php')
 3 SYSTEMPATH\View\View.php(216): CodeIgniter\View\View->CodeIgniter\View\{closure}()
 4 SYSTEMPATH\Common.php(1177): CodeIgniter\View\View->render('content/audio', [], true)
 5 APPPATH\Controllers\Audio.php(22): view('content/audio', [...])
 6 SYSTEMPATH\CodeIgniter.php(934): App\Controllers\Audio->index()
 7 SYSTEMPATH\CodeIgniter.php(499): CodeIgniter\CodeIgniter->runController(Object(App\Controllers\Audio))
 8 SYSTEMPATH\CodeIgniter.php(368): CodeIgniter\CodeIgniter->handleRequest(null, Object(Config\Cache), false)
 9 FCPATH\index.php(67): CodeIgniter\CodeIgniter->run()
INFO - 2023-05-01 09:34:19 --> Session: Class initialized using 'CodeIgniter\Session\Handlers\FileHandler' driver.
INFO - 2023-05-01 09:34:19 --> Session: Class initialized using 'CodeIgniter\Session\Handlers\FileHandler' driver.
INFO - 2023-05-01 09:38:03 --> Session: Class initialized using 'CodeIgniter\Session\Handlers\FileHandler' driver.
INFO - 2023-05-01 09:38:08 --> Session: Class initialized using 'CodeIgniter\Session\Handlers\FileHandler' driver.
INFO - 2023-05-01 09:38:08 --> Session: Class initialized using 'CodeIgniter\Session\Handlers\FileHandler' driver.
WARNING - 2023-05-01 09:38:08 --> [DEPRECATED] htmlspecialchars(): Passing null to parameter #1 ($string) of type string is deprecated in APPPATH\Views\content\video.php on line 62.
 1 APPPATH\Views\content\video.php(62): htmlspecialchars(null)
 2 SYSTEMPATH\View\View.php(213): include('APPPATH\\Views\\content\\video.php')
 3 SYSTEMPATH\View\View.php(216): CodeIgniter\View\View->CodeIgniter\View\{closure}()
 4 SYSTEMPATH\Common.php(1177): CodeIgniter\View\View->render('content/video', [], true)
 5 APPPATH\Controllers\Video.php(18): view('content/video', [...])
 6 SYSTEMPATH\CodeIgniter.php(934): App\Controllers\Video->index()
 7 SYSTEMPATH\CodeIgniter.php(499): CodeIgniter\CodeIgniter->runController(Object(App\Controllers\Video))
 8 SYSTEMPATH\CodeIgniter.php(368): CodeIgniter\CodeIgniter->handleRequest(null, Object(Config\Cache), false)
 9 FCPATH\index.php(67): CodeIgniter\CodeIgniter->run()
WARNING - 2023-05-01 09:38:08 --> [DEPRECATED] htmlspecialchars(): Passing null to parameter #1 ($string) of type string is deprecated in APPPATH\Views\content\video.php on line 87.
 1 APPPATH\Views\content\video.php(87): htmlspecialchars(null)
 2 SYSTEMPATH\View\View.php(213): include('APPPATH\\Views\\content\\video.php')
 3 SYSTEMPATH\View\View.php(216): CodeIgniter\View\View->CodeIgniter\View\{closure}()
 4 SYSTEMPATH\Common.php(1177): CodeIgniter\View\View->render('content/video', [], true)
 5 APPPATH\Controllers\Video.php(18): view('content/video', [...])
 6 SYSTEMPATH\CodeIgniter.php(934): App\Controllers\Video->index()
 7 SYSTEMPATH\CodeIgniter.php(499): CodeIgniter\CodeIgniter->runController(Object(App\Controllers\Video))
 8 SYSTEMPATH\CodeIgniter.php(368): CodeIgniter\CodeIgniter->handleRequest(null, Object(Config\Cache), false)
 9 FCPATH\index.php(67): CodeIgniter\CodeIgniter->run()
INFO - 2023-05-01 09:38:15 --> Session: Class initialized using 'CodeIgniter\Session\Handlers\FileHandler' driver.
INFO - 2023-05-01 09:38:16 --> Session: Class initialized using 'CodeIgniter\Session\Handlers\FileHandler' driver.
INFO - 2023-05-01 09:38:23 --> Session: Class initialized using 'CodeIgniter\Session\Handlers\FileHandler' driver.
INFO - 2023-05-01 09:38:23 --> Session: Class initialized using 'CodeIgniter\Session\Handlers\FileHandler' driver.
WARNING - 2023-05-01 09:38:24 --> [DEPRECATED] htmlspecialchars(): Passing null to parameter #1 ($string) of type string is deprecated in APPPATH\Views\content\video.php on line 62.
 1 APPPATH\Views\content\video.php(62): htmlspecialchars(null)
 2 SYSTEMPATH\View\View.php(213): include('APPPATH\\Views\\content\\video.php')
 3 SYSTEMPATH\View\View.php(216): CodeIgniter\View\View->CodeIgniter\View\{closure}()
 4 SYSTEMPATH\Common.php(1177): CodeIgniter\View\View->render('content/video', [], true)
 5 APPPATH\Controllers\Video.php(18): view('content/video', [...])
 6 SYSTEMPATH\CodeIgniter.php(934): App\Controllers\Video->index()
 7 SYSTEMPATH\CodeIgniter.php(499): CodeIgniter\CodeIgniter->runController(Object(App\Controllers\Video))
 8 SYSTEMPATH\CodeIgniter.php(368): CodeIgniter\CodeIgniter->handleRequest(null, Object(Config\Cache), false)
 9 FCPATH\index.php(67): CodeIgniter\CodeIgniter->run()
WARNING - 2023-05-01 09:38:24 --> [DEPRECATED] htmlspecialchars(): Passing null to parameter #1 ($string) of type string is deprecated in APPPATH\Views\content\video.php on line 87.
 1 APPPATH\Views\content\video.php(87): htmlspecialchars(null)
 2 SYSTEMPATH\View\View.php(213): include('APPPATH\\Views\\content\\video.php')
 3 SYSTEMPATH\View\View.php(216): CodeIgniter\View\View->CodeIgniter\View\{closure}()
 4 SYSTEMPATH\Common.php(1177): CodeIgniter\View\View->render('content/video', [], true)
 5 APPPATH\Controllers\Video.php(18): view('content/video', [...])
 6 SYSTEMPATH\CodeIgniter.php(934): App\Controllers\Video->index()
 7 SYSTEMPATH\CodeIgniter.php(499): CodeIgniter\CodeIgniter->runController(Object(App\Controllers\Video))
 8 SYSTEMPATH\CodeIgniter.php(368): CodeIgniter\CodeIgniter->handleRequest(null, Object(Config\Cache), false)
 9 FCPATH\index.php(67): CodeIgniter\CodeIgniter->run()
INFO - 2023-05-01 09:38:34 --> Session: Class initialized using 'CodeIgniter\Session\Handlers\FileHandler' driver.
WARNING - 2023-05-01 09:38:34 --> [DEPRECATED] htmlspecialchars(): Passing null to parameter #1 ($string) of type string is deprecated in APPPATH\Views\content\image.php on line 58.
 1 APPPATH\Views\content\image.php(58): htmlspecialchars(null)
 2 SYSTEMPATH\View\View.php(213): include('APPPATH\\Views\\content\\image.php')
 3 SYSTEMPATH\View\View.php(216): CodeIgniter\View\View->CodeIgniter\View\{closure}()
 4 SYSTEMPATH\Common.php(1177): CodeIgniter\View\View->render('content/image', [], true)
 5 APPPATH\Controllers\Image.php(19): view('content/image', [...])
 6 SYSTEMPATH\CodeIgniter.php(934): App\Controllers\Image->index()
 7 SYSTEMPATH\CodeIgniter.php(499): CodeIgniter\CodeIgniter->runController(Object(App\Controllers\Image))
 8 SYSTEMPATH\CodeIgniter.php(368): CodeIgniter\CodeIgniter->handleRequest(null, Object(Config\Cache), false)
 9 FCPATH\index.php(67): CodeIgniter\CodeIgniter->run()
WARNING - 2023-05-01 09:38:34 --> [DEPRECATED] htmlspecialchars(): Passing null to parameter #1 ($string) of type string is deprecated in APPPATH\Views\content\image.php on line 82.
 1 APPPATH\Views\content\image.php(82): htmlspecialchars(null)
 2 SYSTEMPATH\View\View.php(213): include('APPPATH\\Views\\content\\image.php')
 3 SYSTEMPATH\View\View.php(216): CodeIgniter\View\View->CodeIgniter\View\{closure}()
 4 SYSTEMPATH\Common.php(1177): CodeIgniter\View\View->render('content/image', [], true)
 5 APPPATH\Controllers\Image.php(19): view('content/image', [...])
 6 SYSTEMPATH\CodeIgniter.php(934): App\Controllers\Image->index()
 7 SYSTEMPATH\CodeIgniter.php(499): CodeIgniter\CodeIgniter->runController(Object(App\Controllers\Image))
 8 SYSTEMPATH\CodeIgniter.php(368): CodeIgniter\CodeIgniter->handleRequest(null, Object(Config\Cache), false)
 9 FCPATH\index.php(67): CodeIgniter\CodeIgniter->run()
WARNING - 2023-05-01 09:38:34 --> [DEPRECATED] htmlspecialchars(): Passing null to parameter #1 ($string) of type string is deprecated in APPPATH\Views\content\image.php on line 58.
 1 APPPATH\Views\content\image.php(58): htmlspecialchars(null)
 2 SYSTEMPATH\View\View.php(213): include('APPPATH\\Views\\content\\image.php')
 3 SYSTEMPATH\View\View.php(216): CodeIgniter\View\View->CodeIgniter\View\{closure}()
 4 SYSTEMPATH\Common.php(1177): CodeIgniter\View\View->render('content/image', [], true)
 5 APPPATH\Controllers\Image.php(19): view('content/image', [...])
 6 SYSTEMPATH\CodeIgniter.php(934): App\Controllers\Image->index()
 7 SYSTEMPATH\CodeIgniter.php(499): CodeIgniter\CodeIgniter->runController(Object(App\Controllers\Image))
 8 SYSTEMPATH\CodeIgniter.php(368): CodeIgniter\CodeIgniter->handleRequest(null, Object(Config\Cache), false)
 9 FCPATH\index.php(67): CodeIgniter\CodeIgniter->run()
WARNING - 2023-05-01 09:38:34 --> [DEPRECATED] htmlspecialchars(): Passing null to parameter #1 ($string) of type string is deprecated in APPPATH\Views\content\image.php on line 82.
 1 APPPATH\Views\content\image.php(82): htmlspecialchars(null)
 2 SYSTEMPATH\View\View.php(213): include('APPPATH\\Views\\content\\image.php')
 3 SYSTEMPATH\View\View.php(216): CodeIgniter\View\View->CodeIgniter\View\{closure}()
 4 SYSTEMPATH\Common.php(1177): CodeIgniter\View\View->render('content/image', [], true)
 5 APPPATH\Controllers\Image.php(19): view('content/image', [...])
 6 SYSTEMPATH\CodeIgniter.php(934): App\Controllers\Image->index()
 7 SYSTEMPATH\CodeIgniter.php(499): CodeIgniter\CodeIgniter->runController(Object(App\Controllers\Image))
 8 SYSTEMPATH\CodeIgniter.php(368): CodeIgniter\CodeIgniter->handleRequest(null, Object(Config\Cache), false)
 9 FCPATH\index.php(67): CodeIgniter\CodeIgniter->run()
INFO - 2023-05-01 09:38:37 --> Session: Class initialized using 'CodeIgniter\Session\Handlers\FileHandler' driver.
INFO - 2023-05-01 09:38:38 --> Session: Class initialized using 'CodeIgniter\Session\Handlers\FileHandler' driver.
WARNING - 2023-05-01 09:38:38 --> [DEPRECATED] htmlspecialchars(): Passing null to parameter #1 ($string) of type string is deprecated in APPPATH\Views\content\image.php on line 58.
 1 APPPATH\Views\content\image.php(58): htmlspecialchars(null)
 2 SYSTEMPATH\View\View.php(213): include('APPPATH\\Views\\content\\image.php')
 3 SYSTEMPATH\View\View.php(216): CodeIgniter\View\View->CodeIgniter\View\{closure}()
 4 SYSTEMPATH\Common.php(1177): CodeIgniter\View\View->render('content/image', [], true)
 5 APPPATH\Controllers\Image.php(19): view('content/image', [...])
 6 SYSTEMPATH\CodeIgniter.php(934): App\Controllers\Image->index()
 7 SYSTEMPATH\CodeIgniter.php(499): CodeIgniter\CodeIgniter->runController(Object(App\Controllers\Image))
 8 SYSTEMPATH\CodeIgniter.php(368): CodeIgniter\CodeIgniter->handleRequest(null, Object(Config\Cache), false)
 9 FCPATH\index.php(67): CodeIgniter\CodeIgniter->run()
WARNING - 2023-05-01 09:38:38 --> [DEPRECATED] htmlspecialchars(): Passing null to parameter #1 ($string) of type string is deprecated in APPPATH\Views\content\image.php on line 82.
 1 APPPATH\Views\content\image.php(82): htmlspecialchars(null)
 2 SYSTEMPATH\View\View.php(213): include('APPPATH\\Views\\content\\image.php')
 3 SYSTEMPATH\View\View.php(216): CodeIgniter\View\View->CodeIgniter\View\{closure}()
 4 SYSTEMPATH\Common.php(1177): CodeIgniter\View\View->render('content/image', [], true)
 5 APPPATH\Controllers\Image.php(19): view('content/image', [...])
 6 SYSTEMPATH\CodeIgniter.php(934): App\Controllers\Image->index()
 7 SYSTEMPATH\CodeIgniter.php(499): CodeIgniter\CodeIgniter->runController(Object(App\Controllers\Image))
 8 SYSTEMPATH\CodeIgniter.php(368): CodeIgniter\CodeIgniter->handleRequest(null, Object(Config\Cache), false)
 9 FCPATH\index.php(67): CodeIgniter\CodeIgniter->run()
WARNING - 2023-05-01 09:38:38 --> [DEPRECATED] htmlspecialchars(): Passing null to parameter #1 ($string) of type string is deprecated in APPPATH\Views\content\image.php on line 58.
 1 APPPATH\Views\content\image.php(58): htmlspecialchars(null)
 2 SYSTEMPATH\View\View.php(213): include('APPPATH\\Views\\content\\image.php')
 3 SYSTEMPATH\View\View.php(216): CodeIgniter\View\View->CodeIgniter\View\{closure}()
 4 SYSTEMPATH\Common.php(1177): CodeIgniter\View\View->render('content/image', [], true)
 5 APPPATH\Controllers\Image.php(19): view('content/image', [...])
 6 SYSTEMPATH\CodeIgniter.php(934): App\Controllers\Image->index()
 7 SYSTEMPATH\CodeIgniter.php(499): CodeIgniter\CodeIgniter->runController(Object(App\Controllers\Image))
 8 SYSTEMPATH\CodeIgniter.php(368): CodeIgniter\CodeIgniter->handleRequest(null, Object(Config\Cache), false)
 9 FCPATH\index.php(67): CodeIgniter\CodeIgniter->run()
WARNING - 2023-05-01 09:38:38 --> [DEPRECATED] htmlspecialchars(): Passing null to parameter #1 ($string) of type string is deprecated in APPPATH\Views\content\image.php on line 82.
 1 APPPATH\Views\content\image.php(82): htmlspecialchars(null)
 2 SYSTEMPATH\View\View.php(213): include('APPPATH\\Views\\content\\image.php')
 3 SYSTEMPATH\View\View.php(216): CodeIgniter\View\View->CodeIgniter\View\{closure}()
 4 SYSTEMPATH\Common.php(1177): CodeIgniter\View\View->render('content/image', [], true)
 5 APPPATH\Controllers\Image.php(19): view('content/image', [...])
 6 SYSTEMPATH\CodeIgniter.php(934): App\Controllers\Image->index()
 7 SYSTEMPATH\CodeIgniter.php(499): CodeIgniter\CodeIgniter->runController(Object(App\Controllers\Image))
 8 SYSTEMPATH\CodeIgniter.php(368): CodeIgniter\CodeIgniter->handleRequest(null, Object(Config\Cache), false)
 9 FCPATH\index.php(67): CodeIgniter\CodeIgniter->run()
INFO - 2023-05-01 09:38:43 --> Session: Class initialized using 'CodeIgniter\Session\Handlers\FileHandler' driver.
INFO - 2023-05-01 09:38:43 --> Session: Class initialized using 'CodeIgniter\Session\Handlers\FileHandler' driver.
WARNING - 2023-05-01 09:38:44 --> [DEPRECATED] htmlspecialchars(): Passing null to parameter #1 ($string) of type string is deprecated in APPPATH\Views\content\image.php on line 58.
 1 APPPATH\Views\content\image.php(58): htmlspecialchars(null)
 2 SYSTEMPATH\View\View.php(213): include('APPPATH\\Views\\content\\image.php')
 3 SYSTEMPATH\View\View.php(216): CodeIgniter\View\View->CodeIgniter\View\{closure}()
 4 SYSTEMPATH\Common.php(1177): CodeIgniter\View\View->render('content/image', [], true)
 5 APPPATH\Controllers\Image.php(19): view('content/image', [...])
 6 SYSTEMPATH\CodeIgniter.php(934): App\Controllers\Image->index()
 7 SYSTEMPATH\CodeIgniter.php(499): CodeIgniter\CodeIgniter->runController(Object(App\Controllers\Image))
 8 SYSTEMPATH\CodeIgniter.php(368): CodeIgniter\CodeIgniter->handleRequest(null, Object(Config\Cache), false)
 9 FCPATH\index.php(67): CodeIgniter\CodeIgniter->run()
WARNING - 2023-05-01 09:38:44 --> [DEPRECATED] htmlspecialchars(): Passing null to parameter #1 ($string) of type string is deprecated in APPPATH\Views\content\image.php on line 82.
 1 APPPATH\Views\content\image.php(82): htmlspecialchars(null)
 2 SYSTEMPATH\View\View.php(213): include('APPPATH\\Views\\content\\image.php')
 3 SYSTEMPATH\View\View.php(216): CodeIgniter\View\View->CodeIgniter\View\{closure}()
 4 SYSTEMPATH\Common.php(1177): CodeIgniter\View\View->render('content/image', [], true)
 5 APPPATH\Controllers\Image.php(19): view('content/image', [...])
 6 SYSTEMPATH\CodeIgniter.php(934): App\Controllers\Image->index()
 7 SYSTEMPATH\CodeIgniter.php(499): CodeIgniter\CodeIgniter->runController(Object(App\Controllers\Image))
 8 SYSTEMPATH\CodeIgniter.php(368): CodeIgniter\CodeIgniter->handleRequest(null, Object(Config\Cache), false)
 9 FCPATH\index.php(67): CodeIgniter\CodeIgniter->run()
WARNING - 2023-05-01 09:38:44 --> [DEPRECATED] htmlspecialchars(): Passing null to parameter #1 ($string) of type string is deprecated in APPPATH\Views\content\image.php on line 58.
 1 APPPATH\Views\content\image.php(58): htmlspecialchars(null)
 2 SYSTEMPATH\View\View.php(213): include('APPPATH\\Views\\content\\image.php')
 3 SYSTEMPATH\View\View.php(216): CodeIgniter\View\View->CodeIgniter\View\{closure}()
 4 SYSTEMPATH\Common.php(1177): CodeIgniter\View\View->render('content/image', [], true)
 5 APPPATH\Controllers\Image.php(19): view('content/image', [...])
 6 SYSTEMPATH\CodeIgniter.php(934): App\Controllers\Image->index()
 7 SYSTEMPATH\CodeIgniter.php(499): CodeIgniter\CodeIgniter->runController(Object(App\Controllers\Image))
 8 SYSTEMPATH\CodeIgniter.php(368): CodeIgniter\CodeIgniter->handleRequest(null, Object(Config\Cache), false)
 9 FCPATH\index.php(67): CodeIgniter\CodeIgniter->run()
WARNING - 2023-05-01 09:38:44 --> [DEPRECATED] htmlspecialchars(): Passing null to parameter #1 ($string) of type string is deprecated in APPPATH\Views\content\image.php on line 82.
 1 APPPATH\Views\content\image.php(82): htmlspecialchars(null)
 2 SYSTEMPATH\View\View.php(213): include('APPPATH\\Views\\content\\image.php')
 3 SYSTEMPATH\View\View.php(216): CodeIgniter\View\View->CodeIgniter\View\{closure}()
 4 SYSTEMPATH\Common.php(1177): CodeIgniter\View\View->render('content/image', [], true)
 5 APPPATH\Controllers\Image.php(19): view('content/image', [...])
 6 SYSTEMPATH\CodeIgniter.php(934): App\Controllers\Image->index()
 7 SYSTEMPATH\CodeIgniter.php(499): CodeIgniter\CodeIgniter->runController(Object(App\Controllers\Image))
 8 SYSTEMPATH\CodeIgniter.php(368): CodeIgniter\CodeIgniter->handleRequest(null, Object(Config\Cache), false)
 9 FCPATH\index.php(67): CodeIgniter\CodeIgniter->run()
WARNING - 2023-05-01 09:38:44 --> [DEPRECATED] htmlspecialchars(): Passing null to parameter #1 ($string) of type string is deprecated in APPPATH\Views\content\image.php on line 58.
 1 APPPATH\Views\content\image.php(58): htmlspecialchars(null)
 2 SYSTEMPATH\View\View.php(213): include('APPPATH\\Views\\content\\image.php')
 3 SYSTEMPATH\View\View.php(216): CodeIgniter\View\View->CodeIgniter\View\{closure}()
 4 SYSTEMPATH\Common.php(1177): CodeIgniter\View\View->render('content/image', [], true)
 5 APPPATH\Controllers\Image.php(19): view('content/image', [...])
 6 SYSTEMPATH\CodeIgniter.php(934): App\Controllers\Image->index()
 7 SYSTEMPATH\CodeIgniter.php(499): CodeIgniter\CodeIgniter->runController(Object(App\Controllers\Image))
 8 SYSTEMPATH\CodeIgniter.php(368): CodeIgniter\CodeIgniter->handleRequest(null, Object(Config\Cache), false)
 9 FCPATH\index.php(67): CodeIgniter\CodeIgniter->run()
WARNING - 2023-05-01 09:38:44 --> [DEPRECATED] htmlspecialchars(): Passing null to parameter #1 ($string) of type string is deprecated in APPPATH\Views\content\image.php on line 82.
 1 APPPATH\Views\content\image.php(82): htmlspecialchars(null)
 2 SYSTEMPATH\View\View.php(213): include('APPPATH\\Views\\content\\image.php')
 3 SYSTEMPATH\View\View.php(216): CodeIgniter\View\View->CodeIgniter\View\{closure}()
 4 SYSTEMPATH\Common.php(1177): CodeIgniter\View\View->render('content/image', [], true)
 5 APPPATH\Controllers\Image.php(19): view('content/image', [...])
 6 SYSTEMPATH\CodeIgniter.php(934): App\Controllers\Image->index()
 7 SYSTEMPATH\CodeIgniter.php(499): CodeIgniter\CodeIgniter->runController(Object(App\Controllers\Image))
 8 SYSTEMPATH\CodeIgniter.php(368): CodeIgniter\CodeIgniter->handleRequest(null, Object(Config\Cache), false)
 9 FCPATH\index.php(67): CodeIgniter\CodeIgniter->run()
INFO - 2023-05-01 09:38:54 --> Session: Class initialized using 'CodeIgniter\Session\Handlers\FileHandler' driver.
INFO - 2023-05-01 09:38:54 --> Session: Class initialized using 'CodeIgniter\Session\Handlers\FileHandler' driver.
WARNING - 2023-05-01 09:38:54 --> [DEPRECATED] htmlspecialchars(): Passing null to parameter #1 ($string) of type string is deprecated in APPPATH\Views\content\image.php on line 58.
 1 APPPATH\Views\content\image.php(58): htmlspecialchars(null)
 2 SYSTEMPATH\View\View.php(213): include('APPPATH\\Views\\content\\image.php')
 3 SYSTEMPATH\View\View.php(216): CodeIgniter\View\View->CodeIgniter\View\{closure}()
 4 SYSTEMPATH\Common.php(1177): CodeIgniter\View\View->render('content/image', [], true)
 5 APPPATH\Controllers\Image.php(19): view('content/image', [...])
 6 SYSTEMPATH\CodeIgniter.php(934): App\Controllers\Image->index()
 7 SYSTEMPATH\CodeIgniter.php(499): CodeIgniter\CodeIgniter->runController(Object(App\Controllers\Image))
 8 SYSTEMPATH\CodeIgniter.php(368): CodeIgniter\CodeIgniter->handleRequest(null, Object(Config\Cache), false)
 9 FCPATH\index.php(67): CodeIgniter\CodeIgniter->run()
WARNING - 2023-05-01 09:38:54 --> [DEPRECATED] htmlspecialchars(): Passing null to parameter #1 ($string) of type string is deprecated in APPPATH\Views\content\image.php on line 82.
 1 APPPATH\Views\content\image.php(82): htmlspecialchars(null)
 2 SYSTEMPATH\View\View.php(213): include('APPPATH\\Views\\content\\image.php')
 3 SYSTEMPATH\View\View.php(216): CodeIgniter\View\View->CodeIgniter\View\{closure}()
 4 SYSTEMPATH\Common.php(1177): CodeIgniter\View\View->render('content/image', [], true)
 5 APPPATH\Controllers\Image.php(19): view('content/image', [...])
 6 SYSTEMPATH\CodeIgniter.php(934): App\Controllers\Image->index()
 7 SYSTEMPATH\CodeIgniter.php(499): CodeIgniter\CodeIgniter->runController(Object(App\Controllers\Image))
 8 SYSTEMPATH\CodeIgniter.php(368): CodeIgniter\CodeIgniter->handleRequest(null, Object(Config\Cache), false)
 9 FCPATH\index.php(67): CodeIgniter\CodeIgniter->run()
WARNING - 2023-05-01 09:38:54 --> [DEPRECATED] htmlspecialchars(): Passing null to parameter #1 ($string) of type string is deprecated in APPPATH\Views\content\image.php on line 58.
 1 APPPATH\Views\content\image.php(58): htmlspecialchars(null)
 2 SYSTEMPATH\View\View.php(213): include('APPPATH\\Views\\content\\image.php')
 3 SYSTEMPATH\View\View.php(216): CodeIgniter\View\View->CodeIgniter\View\{closure}()
 4 SYSTEMPATH\Common.php(1177): CodeIgniter\View\View->render('content/image', [], true)
 5 APPPATH\Controllers\Image.php(19): view('content/image', [...])
 6 SYSTEMPATH\CodeIgniter.php(934): App\Controllers\Image->index()
 7 SYSTEMPATH\CodeIgniter.php(499): CodeIgniter\CodeIgniter->runController(Object(App\Controllers\Image))
 8 SYSTEMPATH\CodeIgniter.php(368): CodeIgniter\CodeIgniter->handleRequest(null, Object(Config\Cache), false)
 9 FCPATH\index.php(67): CodeIgniter\CodeIgniter->run()
WARNING - 2023-05-01 09:38:54 --> [DEPRECATED] htmlspecialchars(): Passing null to parameter #1 ($string) of type string is deprecated in APPPATH\Views\content\image.php on line 82.
 1 APPPATH\Views\content\image.php(82): htmlspecialchars(null)
 2 SYSTEMPATH\View\View.php(213): include('APPPATH\\Views\\content\\image.php')
 3 SYSTEMPATH\View\View.php(216): CodeIgniter\View\View->CodeIgniter\View\{closure}()
 4 SYSTEMPATH\Common.php(1177): CodeIgniter\View\View->render('content/image', [], true)
 5 APPPATH\Controllers\Image.php(19): view('content/image', [...])
 6 SYSTEMPATH\CodeIgniter.php(934): App\Controllers\Image->index()
 7 SYSTEMPATH\CodeIgniter.php(499): CodeIgniter\CodeIgniter->runController(Object(App\Controllers\Image))
 8 SYSTEMPATH\CodeIgniter.php(368): CodeIgniter\CodeIgniter->handleRequest(null, Object(Config\Cache), false)
 9 FCPATH\index.php(67): CodeIgniter\CodeIgniter->run()
INFO - 2023-05-01 09:38:59 --> Session: Class initialized using 'CodeIgniter\Session\Handlers\FileHandler' driver.
WARNING - 2023-05-01 09:38:59 --> [DEPRECATED] htmlspecialchars(): Passing null to parameter #1 ($string) of type string is deprecated in APPPATH\Views\content\video.php on line 62.
 1 APPPATH\Views\content\video.php(62): htmlspecialchars(null)
 2 SYSTEMPATH\View\View.php(213): include('APPPATH\\Views\\content\\video.php')
 3 SYSTEMPATH\View\View.php(216): CodeIgniter\View\View->CodeIgniter\View\{closure}()
 4 SYSTEMPATH\Common.php(1177): CodeIgniter\View\View->render('content/video', [], true)
 5 APPPATH\Controllers\Video.php(18): view('content/video', [...])
 6 SYSTEMPATH\CodeIgniter.php(934): App\Controllers\Video->index()
 7 SYSTEMPATH\CodeIgniter.php(499): CodeIgniter\CodeIgniter->runController(Object(App\Controllers\Video))
 8 SYSTEMPATH\CodeIgniter.php(368): CodeIgniter\CodeIgniter->handleRequest(null, Object(Config\Cache), false)
 9 FCPATH\index.php(67): CodeIgniter\CodeIgniter->run()
WARNING - 2023-05-01 09:38:59 --> [DEPRECATED] htmlspecialchars(): Passing null to parameter #1 ($string) of type string is deprecated in APPPATH\Views\content\video.php on line 87.
 1 APPPATH\Views\content\video.php(87): htmlspecialchars(null)
 2 SYSTEMPATH\View\View.php(213): include('APPPATH\\Views\\content\\video.php')
 3 SYSTEMPATH\View\View.php(216): CodeIgniter\View\View->CodeIgniter\View\{closure}()
 4 SYSTEMPATH\Common.php(1177): CodeIgniter\View\View->render('content/video', [], true)
 5 APPPATH\Controllers\Video.php(18): view('content/video', [...])
 6 SYSTEMPATH\CodeIgniter.php(934): App\Controllers\Video->index()
 7 SYSTEMPATH\CodeIgniter.php(499): CodeIgniter\CodeIgniter->runController(Object(App\Controllers\Video))
 8 SYSTEMPATH\CodeIgniter.php(368): CodeIgniter\CodeIgniter->handleRequest(null, Object(Config\Cache), false)
 9 FCPATH\index.php(67): CodeIgniter\CodeIgniter->run()
INFO - 2023-05-01 09:39:11 --> Session: Class initialized using 'CodeIgniter\Session\Handlers\FileHandler' driver.
INFO - 2023-05-01 09:39:11 --> Session: Class initialized using 'CodeIgniter\Session\Handlers\FileHandler' driver.
INFO - 2023-05-01 09:39:17 --> Session: Class initialized using 'CodeIgniter\Session\Handlers\FileHandler' driver.
WARNING - 2023-05-01 09:39:17 --> [DEPRECATED] htmlspecialchars(): Passing null to parameter #1 ($string) of type string is deprecated in APPPATH\Views\content\home.php on line 102.
 1 APPPATH\Views\content\home.php(102): htmlspecialchars(null)
 2 SYSTEMPATH\View\View.php(213): include('APPPATH\\Views\\content\\home.php')
 3 SYSTEMPATH\View\View.php(216): CodeIgniter\View\View->CodeIgniter\View\{closure}()
 4 SYSTEMPATH\Common.php(1177): CodeIgniter\View\View->render('content/home', [], true)
 5 APPPATH\Controllers\Home.php(21): view('content/home', [...])
 6 SYSTEMPATH\CodeIgniter.php(934): App\Controllers\Home->index()
 7 SYSTEMPATH\CodeIgniter.php(499): CodeIgniter\CodeIgniter->runController(Object(App\Controllers\Home))
 8 SYSTEMPATH\CodeIgniter.php(368): CodeIgniter\CodeIgniter->handleRequest(null, Object(Config\Cache), false)
 9 FCPATH\index.php(67): CodeIgniter\CodeIgniter->run()
WARNING - 2023-05-01 09:39:17 --> [DEPRECATED] htmlspecialchars(): Passing null to parameter #1 ($string) of type string is deprecated in APPPATH\Views\content\home.php on line 126.
 1 APPPATH\Views\content\home.php(126): htmlspecialchars(null)
 2 SYSTEMPATH\View\View.php(213): include('APPPATH\\Views\\content\\home.php')
 3 SYSTEMPATH\View\View.php(216): CodeIgniter\View\View->CodeIgniter\View\{closure}()
 4 SYSTEMPATH\Common.php(1177): CodeIgniter\View\View->render('content/home', [], true)
 5 APPPATH\Controllers\Home.php(21): view('content/home', [...])
 6 SYSTEMPATH\CodeIgniter.php(934): App\Controllers\Home->index()
 7 SYSTEMPATH\CodeIgniter.php(499): CodeIgniter\CodeIgniter->runController(Object(App\Controllers\Home))
 8 SYSTEMPATH\CodeIgniter.php(368): CodeIgniter\CodeIgniter->handleRequest(null, Object(Config\Cache), false)
 9 FCPATH\index.php(67): CodeIgniter\CodeIgniter->run()
WARNING - 2023-05-01 09:39:17 --> [DEPRECATED] htmlspecialchars(): Passing null to parameter #1 ($string) of type string is deprecated in APPPATH\Views\content\home.php on line 102.
 1 APPPATH\Views\content\home.php(102): htmlspecialchars(null)
 2 SYSTEMPATH\View\View.php(213): include('APPPATH\\Views\\content\\home.php')
 3 SYSTEMPATH\View\View.php(216): CodeIgniter\View\View->CodeIgniter\View\{closure}()
 4 SYSTEMPATH\Common.php(1177): CodeIgniter\View\View->render('content/home', [], true)
 5 APPPATH\Controllers\Home.php(21): view('content/home', [...])
 6 SYSTEMPATH\CodeIgniter.php(934): App\Controllers\Home->index()
 7 SYSTEMPATH\CodeIgniter.php(499): CodeIgniter\CodeIgniter->runController(Object(App\Controllers\Home))
 8 SYSTEMPATH\CodeIgniter.php(368): CodeIgniter\CodeIgniter->handleRequest(null, Object(Config\Cache), false)
 9 FCPATH\index.php(67): CodeIgniter\CodeIgniter->run()
WARNING - 2023-05-01 09:39:17 --> [DEPRECATED] htmlspecialchars(): Passing null to parameter #1 ($string) of type string is deprecated in APPPATH\Views\content\home.php on line 126.
 1 APPPATH\Views\content\home.php(126): htmlspecialchars(null)
 2 SYSTEMPATH\View\View.php(213): include('APPPATH\\Views\\content\\home.php')
 3 SYSTEMPATH\View\View.php(216): CodeIgniter\View\View->CodeIgniter\View\{closure}()
 4 SYSTEMPATH\Common.php(1177): CodeIgniter\View\View->render('content/home', [], true)
 5 APPPATH\Controllers\Home.php(21): view('content/home', [...])
 6 SYSTEMPATH\CodeIgniter.php(934): App\Controllers\Home->index()
 7 SYSTEMPATH\CodeIgniter.php(499): CodeIgniter\CodeIgniter->runController(Object(App\Controllers\Home))
 8 SYSTEMPATH\CodeIgniter.php(368): CodeIgniter\CodeIgniter->handleRequest(null, Object(Config\Cache), false)
 9 FCPATH\index.php(67): CodeIgniter\CodeIgniter->run()
INFO - 2023-05-01 09:39:22 --> Session: Class initialized using 'CodeIgniter\Session\Handlers\FileHandler' driver.
WARNING - 2023-05-01 09:39:22 --> [DEPRECATED] htmlspecialchars(): Passing null to parameter #1 ($string) of type string is deprecated in APPPATH\Views\content\search.php on line 74.
 1 APPPATH\Views\content\search.php(74): htmlspecialchars(null)
 2 SYSTEMPATH\View\View.php(213): include('APPPATH\\Views\\content\\search.php')
 3 SYSTEMPATH\View\View.php(216): CodeIgniter\View\View->CodeIgniter\View\{closure}()
 4 SYSTEMPATH\Common.php(1177): CodeIgniter\View\View->render('content/search', [], true)
 5 APPPATH\Controllers\Search.php(26): view('content/search', [...])
 6 SYSTEMPATH\CodeIgniter.php(934): App\Controllers\Search->index()
 7 SYSTEMPATH\CodeIgniter.php(499): CodeIgniter\CodeIgniter->runController(Object(App\Controllers\Search))
 8 SYSTEMPATH\CodeIgniter.php(368): CodeIgniter\CodeIgniter->handleRequest(null, Object(Config\Cache), false)
 9 FCPATH\index.php(67): CodeIgniter\CodeIgniter->run()
WARNING - 2023-05-01 09:39:22 --> [DEPRECATED] htmlspecialchars(): Passing null to parameter #1 ($string) of type string is deprecated in APPPATH\Views\content\search.php on line 98.
 1 APPPATH\Views\content\search.php(98): htmlspecialchars(null)
 2 SYSTEMPATH\View\View.php(213): include('APPPATH\\Views\\content\\search.php')
 3 SYSTEMPATH\View\View.php(216): CodeIgniter\View\View->CodeIgniter\View\{closure}()
 4 SYSTEMPATH\Common.php(1177): CodeIgniter\View\View->render('content/search', [], true)
 5 APPPATH\Controllers\Search.php(26): view('content/search', [...])
 6 SYSTEMPATH\CodeIgniter.php(934): App\Controllers\Search->index()
 7 SYSTEMPATH\CodeIgniter.php(499): CodeIgniter\CodeIgniter->runController(Object(App\Controllers\Search))
 8 SYSTEMPATH\CodeIgniter.php(368): CodeIgniter\CodeIgniter->handleRequest(null, Object(Config\Cache), false)
 9 FCPATH\index.php(67): CodeIgniter\CodeIgniter->run()
INFO - 2023-05-01 09:39:36 --> Session: Class initialized using 'CodeIgniter\Session\Handlers\FileHandler' driver.
WARNING - 2023-05-01 09:39:36 --> [DEPRECATED] htmlspecialchars(): Passing null to parameter #1 ($string) of type string is deprecated in APPPATH\Views\content\search.php on line 74.
 1 APPPATH\Views\content\search.php(74): htmlspecialchars(null)
 2 SYSTEMPATH\View\View.php(213): include('APPPATH\\Views\\content\\search.php')
 3 SYSTEMPATH\View\View.php(216): CodeIgniter\View\View->CodeIgniter\View\{closure}()
 4 SYSTEMPATH\Common.php(1177): CodeIgniter\View\View->render('content/search', [], true)
 5 APPPATH\Controllers\Search.php(26): view('content/search', [...])
 6 SYSTEMPATH\CodeIgniter.php(934): App\Controllers\Search->index()
 7 SYSTEMPATH\CodeIgniter.php(499): CodeIgniter\CodeIgniter->runController(Object(App\Controllers\Search))
 8 SYSTEMPATH\CodeIgniter.php(368): CodeIgniter\CodeIgniter->handleRequest(null, Object(Config\Cache), false)
 9 FCPATH\index.php(67): CodeIgniter\CodeIgniter->run()
WARNING - 2023-05-01 09:39:36 --> [DEPRECATED] htmlspecialchars(): Passing null to parameter #1 ($string) of type string is deprecated in APPPATH\Views\content\search.php on line 98.
 1 APPPATH\Views\content\search.php(98): htmlspecialchars(null)
 2 SYSTEMPATH\View\View.php(213): include('APPPATH\\Views\\content\\search.php')
 3 SYSTEMPATH\View\View.php(216): CodeIgniter\View\View->CodeIgniter\View\{closure}()
 4 SYSTEMPATH\Common.php(1177): CodeIgniter\View\View->render('content/search', [], true)
 5 APPPATH\Controllers\Search.php(26): view('content/search', [...])
 6 SYSTEMPATH\CodeIgniter.php(934): App\Controllers\Search->index()
 7 SYSTEMPATH\CodeIgniter.php(499): CodeIgniter\CodeIgniter->runController(Object(App\Controllers\Search))
 8 SYSTEMPATH\CodeIgniter.php(368): CodeIgniter\CodeIgniter->handleRequest(null, Object(Config\Cache), false)
 9 FCPATH\index.php(67): CodeIgniter\CodeIgniter->run()
INFO - 2023-05-01 09:39:45 --> Session: Class initialized using 'CodeIgniter\Session\Handlers\FileHandler' driver.
WARNING - 2023-05-01 09:39:45 --> [DEPRECATED] htmlspecialchars(): Passing null to parameter #1 ($string) of type string is deprecated in APPPATH\Views\content\search.php on line 74.
 1 APPPATH\Views\content\search.php(74): htmlspecialchars(null)
 2 SYSTEMPATH\View\View.php(213): include('APPPATH\\Views\\content\\search.php')
 3 SYSTEMPATH\View\View.php(216): CodeIgniter\View\View->CodeIgniter\View\{closure}()
 4 SYSTEMPATH\Common.php(1177): CodeIgniter\View\View->render('content/search', [], true)
 5 APPPATH\Controllers\Search.php(26): view('content/search', [...])
 6 SYSTEMPATH\CodeIgniter.php(934): App\Controllers\Search->index()
 7 SYSTEMPATH\CodeIgniter.php(499): CodeIgniter\CodeIgniter->runController(Object(App\Controllers\Search))
 8 SYSTEMPATH\CodeIgniter.php(368): CodeIgniter\CodeIgniter->handleRequest(null, Object(Config\Cache), false)
 9 FCPATH\index.php(67): CodeIgniter\CodeIgniter->run()
WARNING - 2023-05-01 09:39:45 --> [DEPRECATED] htmlspecialchars(): Passing null to parameter #1 ($string) of type string is deprecated in APPPATH\Views\content\search.php on line 98.
 1 APPPATH\Views\content\search.php(98): htmlspecialchars(null)
 2 SYSTEMPATH\View\View.php(213): include('APPPATH\\Views\\content\\search.php')
 3 SYSTEMPATH\View\View.php(216): CodeIgniter\View\View->CodeIgniter\View\{closure}()
 4 SYSTEMPATH\Common.php(1177): CodeIgniter\View\View->render('content/search', [], true)
 5 APPPATH\Controllers\Search.php(26): view('content/search', [...])
 6 SYSTEMPATH\CodeIgniter.php(934): App\Controllers\Search->index()
 7 SYSTEMPATH\CodeIgniter.php(499): CodeIgniter\CodeIgniter->runController(Object(App\Controllers\Search))
 8 SYSTEMPATH\CodeIgniter.php(368): CodeIgniter\CodeIgniter->handleRequest(null, Object(Config\Cache), false)
 9 FCPATH\index.php(67): CodeIgniter\CodeIgniter->run()
WARNING - 2023-05-01 09:39:45 --> [DEPRECATED] htmlspecialchars(): Passing null to parameter #1 ($string) of type string is deprecated in APPPATH\Views\content\search.php on line 74.
 1 APPPATH\Views\content\search.php(74): htmlspecialchars(null)
 2 SYSTEMPATH\View\View.php(213): include('APPPATH\\Views\\content\\search.php')
 3 SYSTEMPATH\View\View.php(216): CodeIgniter\View\View->CodeIgniter\View\{closure}()
 4 SYSTEMPATH\Common.php(1177): CodeIgniter\View\View->render('content/search', [], true)
 5 APPPATH\Controllers\Search.php(26): view('content/search', [...])
 6 SYSTEMPATH\CodeIgniter.php(934): App\Controllers\Search->index()
 7 SYSTEMPATH\CodeIgniter.php(499): CodeIgniter\CodeIgniter->runController(Object(App\Controllers\Search))
 8 SYSTEMPATH\CodeIgniter.php(368): CodeIgniter\CodeIgniter->handleRequest(null, Object(Config\Cache), false)
 9 FCPATH\index.php(67): CodeIgniter\CodeIgniter->run()
WARNING - 2023-05-01 09:39:45 --> [DEPRECATED] htmlspecialchars(): Passing null to parameter #1 ($string) of type string is deprecated in APPPATH\Views\content\search.php on line 98.
 1 APPPATH\Views\content\search.php(98): htmlspecialchars(null)
 2 SYSTEMPATH\View\View.php(213): include('APPPATH\\Views\\content\\search.php')
 3 SYSTEMPATH\View\View.php(216): CodeIgniter\View\View->CodeIgniter\View\{closure}()
 4 SYSTEMPATH\Common.php(1177): CodeIgniter\View\View->render('content/search', [], true)
 5 APPPATH\Controllers\Search.php(26): view('content/search', [...])
 6 SYSTEMPATH\CodeIgniter.php(934): App\Controllers\Search->index()
 7 SYSTEMPATH\CodeIgniter.php(499): CodeIgniter\CodeIgniter->runController(Object(App\Controllers\Search))
 8 SYSTEMPATH\CodeIgniter.php(368): CodeIgniter\CodeIgniter->handleRequest(null, Object(Config\Cache), false)
 9 FCPATH\index.php(67): CodeIgniter\CodeIgniter->run()
INFO - 2023-05-01 09:40:01 --> Session: Class initialized using 'CodeIgniter\Session\Handlers\FileHandler' driver.
INFO - 2023-05-01 09:40:01 --> Session: Class initialized using 'CodeIgniter\Session\Handlers\FileHandler' driver.
WARNING - 2023-05-01 09:40:01 --> [DEPRECATED] htmlspecialchars(): Passing null to parameter #1 ($string) of type string is deprecated in APPPATH\Views\content\search.php on line 74.
 1 APPPATH\Views\content\search.php(74): htmlspecialchars(null)
 2 SYSTEMPATH\View\View.php(213): include('APPPATH\\Views\\content\\search.php')
 3 SYSTEMPATH\View\View.php(216): CodeIgniter\View\View->CodeIgniter\View\{closure}()
 4 SYSTEMPATH\Common.php(1177): CodeIgniter\View\View->render('content/search', [], true)
 5 APPPATH\Controllers\Search.php(26): view('content/search', [...])
 6 SYSTEMPATH\CodeIgniter.php(934): App\Controllers\Search->index()
 7 SYSTEMPATH\CodeIgniter.php(499): CodeIgniter\CodeIgniter->runController(Object(App\Controllers\Search))
 8 SYSTEMPATH\CodeIgniter.php(368): CodeIgniter\CodeIgniter->handleRequest(null, Object(Config\Cache), false)
 9 FCPATH\index.php(67): CodeIgniter\CodeIgniter->run()
WARNING - 2023-05-01 09:40:01 --> [DEPRECATED] htmlspecialchars(): Passing null to parameter #1 ($string) of type string is deprecated in APPPATH\Views\content\search.php on line 98.
 1 APPPATH\Views\content\search.php(98): htmlspecialchars(null)
 2 SYSTEMPATH\View\View.php(213): include('APPPATH\\Views\\content\\search.php')
 3 SYSTEMPATH\View\View.php(216): CodeIgniter\View\View->CodeIgniter\View\{closure}()
 4 SYSTEMPATH\Common.php(1177): CodeIgniter\View\View->render('content/search', [], true)
 5 APPPATH\Controllers\Search.php(26): view('content/search', [...])
 6 SYSTEMPATH\CodeIgniter.php(934): App\Controllers\Search->index()
 7 SYSTEMPATH\CodeIgniter.php(499): CodeIgniter\CodeIgniter->runController(Object(App\Controllers\Search))
 8 SYSTEMPATH\CodeIgniter.php(368): CodeIgniter\CodeIgniter->handleRequest(null, Object(Config\Cache), false)
 9 FCPATH\index.php(67): CodeIgniter\CodeIgniter->run()
WARNING - 2023-05-01 09:40:01 --> [DEPRECATED] htmlspecialchars(): Passing null to parameter #1 ($string) of type string is deprecated in APPPATH\Views\content\search.php on line 74.
 1 APPPATH\Views\content\search.php(74): htmlspecialchars(null)
 2 SYSTEMPATH\View\View.php(213): include('APPPATH\\Views\\content\\search.php')
 3 SYSTEMPATH\View\View.php(216): CodeIgniter\View\View->CodeIgniter\View\{closure}()
 4 SYSTEMPATH\Common.php(1177): CodeIgniter\View\View->render('content/search', [], true)
 5 APPPATH\Controllers\Search.php(26): view('content/search', [...])
 6 SYSTEMPATH\CodeIgniter.php(934): App\Controllers\Search->index()
 7 SYSTEMPATH\CodeIgniter.php(499): CodeIgniter\CodeIgniter->runController(Object(App\Controllers\Search))
 8 SYSTEMPATH\CodeIgniter.php(368): CodeIgniter\CodeIgniter->handleRequest(null, Object(Config\Cache), false)
 9 FCPATH\index.php(67): CodeIgniter\CodeIgniter->run()
WARNING - 2023-05-01 09:40:01 --> [DEPRECATED] htmlspecialchars(): Passing null to parameter #1 ($string) of type string is deprecated in APPPATH\Views\content\search.php on line 98.
 1 APPPATH\Views\content\search.php(98): htmlspecialchars(null)
 2 SYSTEMPATH\View\View.php(213): include('APPPATH\\Views\\content\\search.php')
 3 SYSTEMPATH\View\View.php(216): CodeIgniter\View\View->CodeIgniter\View\{closure}()
 4 SYSTEMPATH\Common.php(1177): CodeIgniter\View\View->render('content/search', [], true)
 5 APPPATH\Controllers\Search.php(26): view('content/search', [...])
 6 SYSTEMPATH\CodeIgniter.php(934): App\Controllers\Search->index()
 7 SYSTEMPATH\CodeIgniter.php(499): CodeIgniter\CodeIgniter->runController(Object(App\Controllers\Search))
 8 SYSTEMPATH\CodeIgniter.php(368): CodeIgniter\CodeIgniter->handleRequest(null, Object(Config\Cache), false)
 9 FCPATH\index.php(67): CodeIgniter\CodeIgniter->run()
INFO - 2023-05-01 09:40:13 --> Session: Class initialized using 'CodeIgniter\Session\Handlers\FileHandler' driver.
INFO - 2023-05-01 09:40:13 --> Session: Class initialized using 'CodeIgniter\Session\Handlers\FileHandler' driver.
WARNING - 2023-05-01 09:40:13 --> [DEPRECATED] htmlspecialchars(): Passing null to parameter #1 ($string) of type string is deprecated in APPPATH\Views\content\search.php on line 74.
 1 APPPATH\Views\content\search.php(74): htmlspecialchars(null)
 2 SYSTEMPATH\View\View.php(213): include('APPPATH\\Views\\content\\search.php')
 3 SYSTEMPATH\View\View.php(216): CodeIgniter\View\View->CodeIgniter\View\{closure}()
 4 SYSTEMPATH\Common.php(1177): CodeIgniter\View\View->render('content/search', [], true)
 5 APPPATH\Controllers\Search.php(26): view('content/search', [...])
 6 SYSTEMPATH\CodeIgniter.php(934): App\Controllers\Search->index()
 7 SYSTEMPATH\CodeIgniter.php(499): CodeIgniter\CodeIgniter->runController(Object(App\Controllers\Search))
 8 SYSTEMPATH\CodeIgniter.php(368): CodeIgniter\CodeIgniter->handleRequest(null, Object(Config\Cache), false)
 9 FCPATH\index.php(67): CodeIgniter\CodeIgniter->run()
WARNING - 2023-05-01 09:40:13 --> [DEPRECATED] htmlspecialchars(): Passing null to parameter #1 ($string) of type string is deprecated in APPPATH\Views\content\search.php on line 98.
 1 APPPATH\Views\content\search.php(98): htmlspecialchars(null)
 2 SYSTEMPATH\View\View.php(213): include('APPPATH\\Views\\content\\search.php')
 3 SYSTEMPATH\View\View.php(216): CodeIgniter\View\View->CodeIgniter\View\{closure}()
 4 SYSTEMPATH\Common.php(1177): CodeIgniter\View\View->render('content/search', [], true)
 5 APPPATH\Controllers\Search.php(26): view('content/search', [...])
 6 SYSTEMPATH\CodeIgniter.php(934): App\Controllers\Search->index()
 7 SYSTEMPATH\CodeIgniter.php(499): CodeIgniter\CodeIgniter->runController(Object(App\Controllers\Search))
 8 SYSTEMPATH\CodeIgniter.php(368): CodeIgniter\CodeIgniter->handleRequest(null, Object(Config\Cache), false)
 9 FCPATH\index.php(67): CodeIgniter\CodeIgniter->run()
WARNING - 2023-05-01 09:40:13 --> [DEPRECATED] htmlspecialchars(): Passing null to parameter #1 ($string) of type string is deprecated in APPPATH\Views\content\search.php on line 74.
 1 APPPATH\Views\content\search.php(74): htmlspecialchars(null)
 2 SYSTEMPATH\View\View.php(213): include('APPPATH\\Views\\content\\search.php')
 3 SYSTEMPATH\View\View.php(216): CodeIgniter\View\View->CodeIgniter\View\{closure}()
 4 SYSTEMPATH\Common.php(1177): CodeIgniter\View\View->render('content/search', [], true)
 5 APPPATH\Controllers\Search.php(26): view('content/search', [...])
 6 SYSTEMPATH\CodeIgniter.php(934): App\Controllers\Search->index()
 7 SYSTEMPATH\CodeIgniter.php(499): CodeIgniter\CodeIgniter->runController(Object(App\Controllers\Search))
 8 SYSTEMPATH\CodeIgniter.php(368): CodeIgniter\CodeIgniter->handleRequest(null, Object(Config\Cache), false)
 9 FCPATH\index.php(67): CodeIgniter\CodeIgniter->run()
WARNING - 2023-05-01 09:40:13 --> [DEPRECATED] htmlspecialchars(): Passing null to parameter #1 ($string) of type string is deprecated in APPPATH\Views\content\search.php on line 98.
 1 APPPATH\Views\content\search.php(98): htmlspecialchars(null)
 2 SYSTEMPATH\View\View.php(213): include('APPPATH\\Views\\content\\search.php')
 3 SYSTEMPATH\View\View.php(216): CodeIgniter\View\View->CodeIgniter\View\{closure}()
 4 SYSTEMPATH\Common.php(1177): CodeIgniter\View\View->render('content/search', [], true)
 5 APPPATH\Controllers\Search.php(26): view('content/search', [...])
 6 SYSTEMPATH\CodeIgniter.php(934): App\Controllers\Search->index()
 7 SYSTEMPATH\CodeIgniter.php(499): CodeIgniter\CodeIgniter->runController(Object(App\Controllers\Search))
 8 SYSTEMPATH\CodeIgniter.php(368): CodeIgniter\CodeIgniter->handleRequest(null, Object(Config\Cache), false)
 9 FCPATH\index.php(67): CodeIgniter\CodeIgniter->run()
INFO - 2023-05-01 09:41:43 --> Session: Class initialized using 'CodeIgniter\Session\Handlers\FileHandler' driver.
INFO - 2023-05-01 09:41:43 --> Session: Class initialized using 'CodeIgniter\Session\Handlers\FileHandler' driver.
WARNING - 2023-05-01 09:41:43 --> [DEPRECATED] htmlspecialchars(): Passing null to parameter #1 ($string) of type string is deprecated in APPPATH\Views\content\search.php on line 74.
 1 APPPATH\Views\content\search.php(74): htmlspecialchars(null)
 2 SYSTEMPATH\View\View.php(213): include('APPPATH\\Views\\content\\search.php')
 3 SYSTEMPATH\View\View.php(216): CodeIgniter\View\View->CodeIgniter\View\{closure}()
 4 SYSTEMPATH\Common.php(1177): CodeIgniter\View\View->render('content/search', [], true)
 5 APPPATH\Controllers\Search.php(26): view('content/search', [...])
 6 SYSTEMPATH\CodeIgniter.php(934): App\Controllers\Search->index()
 7 SYSTEMPATH\CodeIgniter.php(499): CodeIgniter\CodeIgniter->runController(Object(App\Controllers\Search))
 8 SYSTEMPATH\CodeIgniter.php(368): CodeIgniter\CodeIgniter->handleRequest(null, Object(Config\Cache), false)
 9 FCPATH\index.php(67): CodeIgniter\CodeIgniter->run()
WARNING - 2023-05-01 09:41:43 --> [DEPRECATED] htmlspecialchars(): Passing null to parameter #1 ($string) of type string is deprecated in APPPATH\Views\content\search.php on line 98.
 1 APPPATH\Views\content\search.php(98): htmlspecialchars(null)
 2 SYSTEMPATH\View\View.php(213): include('APPPATH\\Views\\content\\search.php')
 3 SYSTEMPATH\View\View.php(216): CodeIgniter\View\View->CodeIgniter\View\{closure}()
 4 SYSTEMPATH\Common.php(1177): CodeIgniter\View\View->render('content/search', [], true)
 5 APPPATH\Controllers\Search.php(26): view('content/search', [...])
 6 SYSTEMPATH\CodeIgniter.php(934): App\Controllers\Search->index()
 7 SYSTEMPATH\CodeIgniter.php(499): CodeIgniter\CodeIgniter->runController(Object(App\Controllers\Search))
 8 SYSTEMPATH\CodeIgniter.php(368): CodeIgniter\CodeIgniter->handleRequest(null, Object(Config\Cache), false)
 9 FCPATH\index.php(67): CodeIgniter\CodeIgniter->run()
WARNING - 2023-05-01 09:41:43 --> [DEPRECATED] htmlspecialchars(): Passing null to parameter #1 ($string) of type string is deprecated in APPPATH\Views\content\search.php on line 74.
 1 APPPATH\Views\content\search.php(74): htmlspecialchars(null)
 2 SYSTEMPATH\View\View.php(213): include('APPPATH\\Views\\content\\search.php')
 3 SYSTEMPATH\View\View.php(216): CodeIgniter\View\View->CodeIgniter\View\{closure}()
 4 SYSTEMPATH\Common.php(1177): CodeIgniter\View\View->render('content/search', [], true)
 5 APPPATH\Controllers\Search.php(26): view('content/search', [...])
 6 SYSTEMPATH\CodeIgniter.php(934): App\Controllers\Search->index()
 7 SYSTEMPATH\CodeIgniter.php(499): CodeIgniter\CodeIgniter->runController(Object(App\Controllers\Search))
 8 SYSTEMPATH\CodeIgniter.php(368): CodeIgniter\CodeIgniter->handleRequest(null, Object(Config\Cache), false)
 9 FCPATH\index.php(67): CodeIgniter\CodeIgniter->run()
WARNING - 2023-05-01 09:41:43 --> [DEPRECATED] htmlspecialchars(): Passing null to parameter #1 ($string) of type string is deprecated in APPPATH\Views\content\search.php on line 98.
 1 APPPATH\Views\content\search.php(98): htmlspecialchars(null)
 2 SYSTEMPATH\View\View.php(213): include('APPPATH\\Views\\content\\search.php')
 3 SYSTEMPATH\View\View.php(216): CodeIgniter\View\View->CodeIgniter\View\{closure}()
 4 SYSTEMPATH\Common.php(1177): CodeIgniter\View\View->render('content/search', [], true)
 5 APPPATH\Controllers\Search.php(26): view('content/search', [...])
 6 SYSTEMPATH\CodeIgniter.php(934): App\Controllers\Search->index()
 7 SYSTEMPATH\CodeIgniter.php(499): CodeIgniter\CodeIgniter->runController(Object(App\Controllers\Search))
 8 SYSTEMPATH\CodeIgniter.php(368): CodeIgniter\CodeIgniter->handleRequest(null, Object(Config\Cache), false)
 9 FCPATH\index.php(67): CodeIgniter\CodeIgniter->run()
INFO - 2023-05-01 09:41:47 --> Session: Class initialized using 'CodeIgniter\Session\Handlers\FileHandler' driver.
INFO - 2023-05-01 09:41:47 --> Session: Class initialized using 'CodeIgniter\Session\Handlers\FileHandler' driver.
WARNING - 2023-05-01 09:41:47 --> [DEPRECATED] htmlspecialchars(): Passing null to parameter #1 ($string) of type string is deprecated in APPPATH\Views\content\search.php on line 74.
 1 APPPATH\Views\content\search.php(74): htmlspecialchars(null)
 2 SYSTEMPATH\View\View.php(213): include('APPPATH\\Views\\content\\search.php')
 3 SYSTEMPATH\View\View.php(216): CodeIgniter\View\View->CodeIgniter\View\{closure}()
 4 SYSTEMPATH\Common.php(1177): CodeIgniter\View\View->render('content/search', [], true)
 5 APPPATH\Controllers\Search.php(26): view('content/search', [...])
 6 SYSTEMPATH\CodeIgniter.php(934): App\Controllers\Search->index()
 7 SYSTEMPATH\CodeIgniter.php(499): CodeIgniter\CodeIgniter->runController(Object(App\Controllers\Search))
 8 SYSTEMPATH\CodeIgniter.php(368): CodeIgniter\CodeIgniter->handleRequest(null, Object(Config\Cache), false)
 9 FCPATH\index.php(67): CodeIgniter\CodeIgniter->run()
WARNING - 2023-05-01 09:41:47 --> [DEPRECATED] htmlspecialchars(): Passing null to parameter #1 ($string) of type string is deprecated in APPPATH\Views\content\search.php on line 98.
 1 APPPATH\Views\content\search.php(98): htmlspecialchars(null)
 2 SYSTEMPATH\View\View.php(213): include('APPPATH\\Views\\content\\search.php')
 3 SYSTEMPATH\View\View.php(216): CodeIgniter\View\View->CodeIgniter\View\{closure}()
 4 SYSTEMPATH\Common.php(1177): CodeIgniter\View\View->render('content/search', [], true)
 5 APPPATH\Controllers\Search.php(26): view('content/search', [...])
 6 SYSTEMPATH\CodeIgniter.php(934): App\Controllers\Search->index()
 7 SYSTEMPATH\CodeIgniter.php(499): CodeIgniter\CodeIgniter->runController(Object(App\Controllers\Search))
 8 SYSTEMPATH\CodeIgniter.php(368): CodeIgniter\CodeIgniter->handleRequest(null, Object(Config\Cache), false)
 9 FCPATH\index.php(67): CodeIgniter\CodeIgniter->run()
WARNING - 2023-05-01 09:41:47 --> [DEPRECATED] htmlspecialchars(): Passing null to parameter #1 ($string) of type string is deprecated in APPPATH\Views\content\search.php on line 74.
 1 APPPATH\Views\content\search.php(74): htmlspecialchars(null)
 2 SYSTEMPATH\View\View.php(213): include('APPPATH\\Views\\content\\search.php')
 3 SYSTEMPATH\View\View.php(216): CodeIgniter\View\View->CodeIgniter\View\{closure}()
 4 SYSTEMPATH\Common.php(1177): CodeIgniter\View\View->render('content/search', [], true)
 5 APPPATH\Controllers\Search.php(26): view('content/search', [...])
 6 SYSTEMPATH\CodeIgniter.php(934): App\Controllers\Search->index()
 7 SYSTEMPATH\CodeIgniter.php(499): CodeIgniter\CodeIgniter->runController(Object(App\Controllers\Search))
 8 SYSTEMPATH\CodeIgniter.php(368): CodeIgniter\CodeIgniter->handleRequest(null, Object(Config\Cache), false)
 9 FCPATH\index.php(67): CodeIgniter\CodeIgniter->run()
WARNING - 2023-05-01 09:41:47 --> [DEPRECATED] htmlspecialchars(): Passing null to parameter #1 ($string) of type string is deprecated in APPPATH\Views\content\search.php on line 98.
 1 APPPATH\Views\content\search.php(98): htmlspecialchars(null)
 2 SYSTEMPATH\View\View.php(213): include('APPPATH\\Views\\content\\search.php')
 3 SYSTEMPATH\View\View.php(216): CodeIgniter\View\View->CodeIgniter\View\{closure}()
 4 SYSTEMPATH\Common.php(1177): CodeIgniter\View\View->render('content/search', [], true)
 5 APPPATH\Controllers\Search.php(26): view('content/search', [...])
 6 SYSTEMPATH\CodeIgniter.php(934): App\Controllers\Search->index()
 7 SYSTEMPATH\CodeIgniter.php(499): CodeIgniter\CodeIgniter->runController(Object(App\Controllers\Search))
 8 SYSTEMPATH\CodeIgniter.php(368): CodeIgniter\CodeIgniter->handleRequest(null, Object(Config\Cache), false)
 9 FCPATH\index.php(67): CodeIgniter\CodeIgniter->run()
INFO - 2023-05-01 09:41:51 --> Session: Class initialized using 'CodeIgniter\Session\Handlers\FileHandler' driver.
INFO - 2023-05-01 09:41:51 --> Session: Class initialized using 'CodeIgniter\Session\Handlers\FileHandler' driver.
WARNING - 2023-05-01 09:41:51 --> [DEPRECATED] htmlspecialchars(): Passing null to parameter #1 ($string) of type string is deprecated in APPPATH\Views\content\search.php on line 74.
 1 APPPATH\Views\content\search.php(74): htmlspecialchars(null)
 2 SYSTEMPATH\View\View.php(213): include('APPPATH\\Views\\content\\search.php')
 3 SYSTEMPATH\View\View.php(216): CodeIgniter\View\View->CodeIgniter\View\{closure}()
 4 SYSTEMPATH\Common.php(1177): CodeIgniter\View\View->render('content/search', [], true)
 5 APPPATH\Controllers\Search.php(26): view('content/search', [...])
 6 SYSTEMPATH\CodeIgniter.php(934): App\Controllers\Search->index()
 7 SYSTEMPATH\CodeIgniter.php(499): CodeIgniter\CodeIgniter->runController(Object(App\Controllers\Search))
 8 SYSTEMPATH\CodeIgniter.php(368): CodeIgniter\CodeIgniter->handleRequest(null, Object(Config\Cache), false)
 9 FCPATH\index.php(67): CodeIgniter\CodeIgniter->run()
WARNING - 2023-05-01 09:41:51 --> [DEPRECATED] htmlspecialchars(): Passing null to parameter #1 ($string) of type string is deprecated in APPPATH\Views\content\search.php on line 98.
 1 APPPATH\Views\content\search.php(98): htmlspecialchars(null)
 2 SYSTEMPATH\View\View.php(213): include('APPPATH\\Views\\content\\search.php')
 3 SYSTEMPATH\View\View.php(216): CodeIgniter\View\View->CodeIgniter\View\{closure}()
 4 SYSTEMPATH\Common.php(1177): CodeIgniter\View\View->render('content/search', [], true)
 5 APPPATH\Controllers\Search.php(26): view('content/search', [...])
 6 SYSTEMPATH\CodeIgniter.php(934): App\Controllers\Search->index()
 7 SYSTEMPATH\CodeIgniter.php(499): CodeIgniter\CodeIgniter->runController(Object(App\Controllers\Search))
 8 SYSTEMPATH\CodeIgniter.php(368): CodeIgniter\CodeIgniter->handleRequest(null, Object(Config\Cache), false)
 9 FCPATH\index.php(67): CodeIgniter\CodeIgniter->run()
INFO - 2023-05-01 09:41:53 --> Session: Class initialized using 'CodeIgniter\Session\Handlers\FileHandler' driver.
INFO - 2023-05-01 09:41:53 --> Session: Class initialized using 'CodeIgniter\Session\Handlers\FileHandler' driver.
WARNING - 2023-05-01 09:41:53 --> [DEPRECATED] htmlspecialchars(): Passing null to parameter #1 ($string) of type string is deprecated in APPPATH\Views\content\search.php on line 74.
 1 APPPATH\Views\content\search.php(74): htmlspecialchars(null)
 2 SYSTEMPATH\View\View.php(213): include('APPPATH\\Views\\content\\search.php')
 3 SYSTEMPATH\View\View.php(216): CodeIgniter\View\View->CodeIgniter\View\{closure}()
 4 SYSTEMPATH\Common.php(1177): CodeIgniter\View\View->render('content/search', [], true)
 5 APPPATH\Controllers\Search.php(26): view('content/search', [...])
 6 SYSTEMPATH\CodeIgniter.php(934): App\Controllers\Search->index()
 7 SYSTEMPATH\CodeIgniter.php(499): CodeIgniter\CodeIgniter->runController(Object(App\Controllers\Search))
 8 SYSTEMPATH\CodeIgniter.php(368): CodeIgniter\CodeIgniter->handleRequest(null, Object(Config\Cache), false)
 9 FCPATH\index.php(67): CodeIgniter\CodeIgniter->run()
WARNING - 2023-05-01 09:41:53 --> [DEPRECATED] htmlspecialchars(): Passing null to parameter #1 ($string) of type string is deprecated in APPPATH\Views\content\search.php on line 98.
 1 APPPATH\Views\content\search.php(98): htmlspecialchars(null)
 2 SYSTEMPATH\View\View.php(213): include('APPPATH\\Views\\content\\search.php')
 3 SYSTEMPATH\View\View.php(216): CodeIgniter\View\View->CodeIgniter\View\{closure}()
 4 SYSTEMPATH\Common.php(1177): CodeIgniter\View\View->render('content/search', [], true)
 5 APPPATH\Controllers\Search.php(26): view('content/search', [...])
 6 SYSTEMPATH\CodeIgniter.php(934): App\Controllers\Search->index()
 7 SYSTEMPATH\CodeIgniter.php(499): CodeIgniter\CodeIgniter->runController(Object(App\Controllers\Search))
 8 SYSTEMPATH\CodeIgniter.php(368): CodeIgniter\CodeIgniter->handleRequest(null, Object(Config\Cache), false)
 9 FCPATH\index.php(67): CodeIgniter\CodeIgniter->run()
INFO - 2023-05-01 09:41:54 --> Session: Class initialized using 'CodeIgniter\Session\Handlers\FileHandler' driver.
INFO - 2023-05-01 09:41:54 --> Session: Class initialized using 'CodeIgniter\Session\Handlers\FileHandler' driver.
WARNING - 2023-05-01 09:41:54 --> [DEPRECATED] htmlspecialchars(): Passing null to parameter #1 ($string) of type string is deprecated in APPPATH\Views\content\search.php on line 74.
 1 APPPATH\Views\content\search.php(74): htmlspecialchars(null)
 2 SYSTEMPATH\View\View.php(213): include('APPPATH\\Views\\content\\search.php')
 3 SYSTEMPATH\View\View.php(216): CodeIgniter\View\View->CodeIgniter\View\{closure}()
 4 SYSTEMPATH\Common.php(1177): CodeIgniter\View\View->render('content/search', [], true)
 5 APPPATH\Controllers\Search.php(26): view('content/search', [...])
 6 SYSTEMPATH\CodeIgniter.php(934): App\Controllers\Search->index()
 7 SYSTEMPATH\CodeIgniter.php(499): CodeIgniter\CodeIgniter->runController(Object(App\Controllers\Search))
 8 SYSTEMPATH\CodeIgniter.php(368): CodeIgniter\CodeIgniter->handleRequest(null, Object(Config\Cache), false)
 9 FCPATH\index.php(67): CodeIgniter\CodeIgniter->run()
WARNING - 2023-05-01 09:41:54 --> [DEPRECATED] htmlspecialchars(): Passing null to parameter #1 ($string) of type string is deprecated in APPPATH\Views\content\search.php on line 98.
 1 APPPATH\Views\content\search.php(98): htmlspecialchars(null)
 2 SYSTEMPATH\View\View.php(213): include('APPPATH\\Views\\content\\search.php')
 3 SYSTEMPATH\View\View.php(216): CodeIgniter\View\View->CodeIgniter\View\{closure}()
 4 SYSTEMPATH\Common.php(1177): CodeIgniter\View\View->render('content/search', [], true)
 5 APPPATH\Controllers\Search.php(26): view('content/search', [...])
 6 SYSTEMPATH\CodeIgniter.php(934): App\Controllers\Search->index()
 7 SYSTEMPATH\CodeIgniter.php(499): CodeIgniter\CodeIgniter->runController(Object(App\Controllers\Search))
 8 SYSTEMPATH\CodeIgniter.php(368): CodeIgniter\CodeIgniter->handleRequest(null, Object(Config\Cache), false)
 9 FCPATH\index.php(67): CodeIgniter\CodeIgniter->run()
INFO - 2023-05-01 09:41:56 --> Session: Class initialized using 'CodeIgniter\Session\Handlers\FileHandler' driver.
INFO - 2023-05-01 09:41:56 --> Session: Class initialized using 'CodeIgniter\Session\Handlers\FileHandler' driver.
INFO - 2023-05-01 09:41:59 --> Session: Class initialized using 'CodeIgniter\Session\Handlers\FileHandler' driver.
INFO - 2023-05-01 09:42:02 --> Session: Class initialized using 'CodeIgniter\Session\Handlers\FileHandler' driver.
INFO - 2023-05-01 09:42:03 --> Session: Class initialized using 'CodeIgniter\Session\Handlers\FileHandler' driver.
